[ 2017-02-22T15:36:12+08:00 ] ERR: 文件名$path：Array
[ 2017-02-22T15:36:12+08:00 ] ERR: 文件名$action：article
[ 2017-02-22T15:36:12+08:00 ] ERR: 文件名$module：Home/fbdl
[ 2017-02-22T15:40:33+08:00 ] ERR: 文件名$path：Array
[ 2017-02-22T15:40:33+08:00 ] ERR: 文件名$action：article
[ 2017-02-22T15:40:33+08:00 ] ERR: 文件名$module：Home/rxjhz
[ 2017-02-22T15:40:39+08:00 ] ERR: 文件名$path：Array
[ 2017-02-22T15:40:39+08:00 ] ERR: 文件名$action：index
[ 2017-02-22T15:40:39+08:00 ] ERR: 文件名$module：Home/tw
[ 2017-02-22T15:40:56+08:00 ] ERR: 文件名$path：Array
[ 2017-02-22T15:40:56+08:00 ] ERR: 文件名$action：article
[ 2017-02-22T15:40:56+08:00 ] ERR: 文件名$module：Home/jxfml
[ 2017-02-22T15:47:49+08:00 ] ERR: 文件名$path：Array
[ 2017-02-22T15:47:49+08:00 ] ERR: 文件名$action：article
[ 2017-02-22T15:47:49+08:00 ] ERR: 文件名$module：Home/rxjhz
[ 2017-02-22T15:53:55+08:00 ] ERR: 文件名$path：Array
[ 2017-02-22T15:53:55+08:00 ] ERR: 文件名$action：article
[ 2017-02-22T15:53:55+08:00 ] ERR: 文件名$module：Home/jxfml
[ 2017-02-22T15:55:20+08:00 ] ERR: 文件名$path：Array
[ 2017-02-22T15:55:20+08:00 ] ERR: 文件名$action：article
[ 2017-02-22T15:55:20+08:00 ] ERR: 文件名$module：Home/hxmt
[ 2017-02-22T15:55:34+08:00 ] ERR: 文件名$path：Array
[ 2017-02-22T15:55:34+08:00 ] ERR: 文件名$action：article
[ 2017-02-22T15:55:34+08:00 ] ERR: 文件名$module：Home/tmj
[ 2017-02-22T15:55:39+08:00 ] ERR: 文件名$path：Array
[ 2017-02-22T15:55:39+08:00 ] ERR: 文件名$action：article
[ 2017-02-22T15:55:39+08:00 ] ERR: 文件名$module：Home/tmld
[ 2017-02-22T15:55:41+08:00 ] ERR: 文件名$path：Array
[ 2017-02-22T15:55:41+08:00 ] ERR: 文件名$action：article
[ 2017-02-22T15:55:41+08:00 ] ERR: 文件名$module：Home/tmld
[ 2017-02-22T15:55:43+08:00 ] ERR: 文件名$path：Array
[ 2017-02-22T15:55:43+08:00 ] ERR: 文件名$action：article
[ 2017-02-22T15:55:43+08:00 ] ERR: 文件名$module：Home/tmld
[ 2017-02-22T15:55:46+08:00 ] ERR: 文件名$path：Array
[ 2017-02-22T15:55:46+08:00 ] ERR: 文件名$action：article
[ 2017-02-22T15:55:46+08:00 ] ERR: 文件名$module：Home/tmld
[ 2017-02-22T15:55:48+08:00 ] ERR: 文件名$path：Array
[ 2017-02-22T15:55:48+08:00 ] ERR: 文件名$action：article
[ 2017-02-22T15:55:48+08:00 ] ERR: 文件名$module：Home/tmld
[ 2017-02-22T15:55:50+08:00 ] ERR: 文件名$path：Array
[ 2017-02-22T15:55:50+08:00 ] ERR: 文件名$action：article
[ 2017-02-22T15:55:50+08:00 ] ERR: 文件名$module：Home/tmld
[ 2017-02-22T15:55:52+08:00 ] ERR: 文件名$path：Array
[ 2017-02-22T15:55:52+08:00 ] ERR: 文件名$action：article
[ 2017-02-22T15:55:52+08:00 ] ERR: 文件名$module：Home/tmld
[ 2017-02-22T15:55:54+08:00 ] ERR: 文件名$path：Array
[ 2017-02-22T15:55:54+08:00 ] ERR: 文件名$action：article
[ 2017-02-22T15:55:54+08:00 ] ERR: 文件名$module：Home/tmld
[ 2017-02-22T15:55:56+08:00 ] ERR: 文件名$path：Array
[ 2017-02-22T15:55:56+08:00 ] ERR: 文件名$action：article
[ 2017-02-22T15:55:56+08:00 ] ERR: 文件名$module：Home/tmld
[ 2017-02-22T15:55:59+08:00 ] ERR: 文件名$path：Array
[ 2017-02-22T15:55:59+08:00 ] ERR: 文件名$action：article
[ 2017-02-22T15:55:59+08:00 ] ERR: 文件名$module：Home/tmld
[ 2017-02-22T15:56:01+08:00 ] ERR: 文件名$path：Array
[ 2017-02-22T15:56:01+08:00 ] ERR: 文件名$action：article
[ 2017-02-22T15:56:01+08:00 ] ERR: 文件名$module：Home/tmld
[ 2017-02-22T15:56:03+08:00 ] ERR: 文件名$path：Array
[ 2017-02-22T15:56:03+08:00 ] ERR: 文件名$action：article
[ 2017-02-22T15:56:03+08:00 ] ERR: 文件名$module：Home/tmld
[ 2017-02-22T15:56:05+08:00 ] ERR: 文件名$path：Array
[ 2017-02-22T15:56:05+08:00 ] ERR: 文件名$action：article
[ 2017-02-22T15:56:05+08:00 ] ERR: 文件名$module：Home/tmld
[ 2017-02-22T15:56:07+08:00 ] ERR: 文件名$path：Array
[ 2017-02-22T15:56:07+08:00 ] ERR: 文件名$action：article
[ 2017-02-22T15:56:07+08:00 ] ERR: 文件名$module：Home/tmld
[ 2017-02-22T15:56:09+08:00 ] ERR: 文件名$path：Array
[ 2017-02-22T15:56:09+08:00 ] ERR: 文件名$action：article
[ 2017-02-22T15:56:09+08:00 ] ERR: 文件名$module：Home/tmld
[ 2017-02-22T15:56:11+08:00 ] ERR: 文件名$path：Array
[ 2017-02-22T15:56:11+08:00 ] ERR: 文件名$action：article
[ 2017-02-22T15:56:11+08:00 ] ERR: 文件名$module：Home/tmld
[ 2017-02-22T15:56:13+08:00 ] ERR: 文件名$path：Array
[ 2017-02-22T15:56:13+08:00 ] ERR: 文件名$action：article
[ 2017-02-22T15:56:13+08:00 ] ERR: 文件名$module：Home/tmld
[ 2017-02-22T15:56:16+08:00 ] ERR: 文件名$path：Array
[ 2017-02-22T15:56:16+08:00 ] ERR: 文件名$action：article
[ 2017-02-22T15:56:16+08:00 ] ERR: 文件名$module：Home/tmld
[ 2017-02-22T15:56:18+08:00 ] ERR: 文件名$path：Array
[ 2017-02-22T15:56:18+08:00 ] ERR: 文件名$action：gonglve
[ 2017-02-22T15:56:18+08:00 ] ERR: 文件名$module：Home/tmld
[ 2017-02-22T15:56:42+08:00 ] ERR: 文件名$path：Array
[ 2017-02-22T15:56:42+08:00 ] ERR: 文件名$action：index
[ 2017-02-22T15:56:42+08:00 ] ERR: 文件名$module：Home/xtj
[ 2017-02-22T15:56:44+08:00 ] ERR: 文件名$path：Array
[ 2017-02-22T15:56:44+08:00 ] ERR: 文件名$action：index
[ 2017-02-22T15:56:44+08:00 ] ERR: 文件名$module：Home/xtj
[ 2017-02-22T15:56:52+08:00 ] ERR: 文件名$path：Array
[ 2017-02-22T15:56:52+08:00 ] ERR: 文件名$action：index
[ 2017-02-22T15:56:52+08:00 ] ERR: 文件名$module：Home/xtj
[ 2017-02-22T15:58:40+08:00 ] ERR: 文件名$path：Array
[ 2017-02-22T15:58:40+08:00 ] ERR: 文件名$action：index
[ 2017-02-22T15:58:40+08:00 ] ERR: 文件名$module：Home/jyjh
[ 2017-02-22T16:01:23+08:00 ] ERR: 文件名$path：Array
[ 2017-02-22T16:01:23+08:00 ] ERR: 文件名$action：article
[ 2017-02-22T16:01:23+08:00 ] ERR: 文件名$module：Home/ddzb
[ 2017-02-22T16:01:32+08:00 ] ERR: 文件名$path：Array
[ 2017-02-22T16:01:32+08:00 ] ERR: 文件名$action：article
[ 2017-02-22T16:01:32+08:00 ] ERR: 文件名$module：Home/jyjh
[ 2017-02-22T16:06:04+08:00 ] ERR: 文件名$path：Array
[ 2017-02-22T16:06:04+08:00 ] ERR: 文件名$action：index
[ 2017-02-22T16:06:04+08:00 ] ERR: 文件名$module：Home/jyjh
[ 2017-02-22T16:10:26+08:00 ] SQL: 游戏登陆日志写入失败!
[ 2017-02-22T16:10:27+08:00 ] ERR: 文件名$path：Array
[ 2017-02-22T16:10:27+08:00 ] ERR: 文件名$action：index
[ 2017-02-22T16:10:27+08:00 ] ERR: 文件名$module：Home/ds
[ 2017-02-22T16:11:40+08:00 ] ERR: 文件名$path：Array
[ 2017-02-22T16:11:40+08:00 ] ERR: 文件名$action：index
[ 2017-02-22T16:11:40+08:00 ] ERR: 文件名$module：Home/jyjh
[ 2017-02-22T16:11:49+08:00 ] ERR: 文件名$path：Array
[ 2017-02-22T16:11:49+08:00 ] ERR: 文件名$action：article
[ 2017-02-22T16:11:49+08:00 ] ERR: 文件名$module：Home/rxjhz
[ 2017-02-22T16:12:01+08:00 ] ERR: 文件名$path：Array
[ 2017-02-22T16:12:01+08:00 ] ERR: 文件名$action：article
[ 2017-02-22T16:12:01+08:00 ] ERR: 文件名$module：Home/jyjh
[ 2017-02-22T16:12:11+08:00 ] ERR: 文件名$path：Array
[ 2017-02-22T16:12:11+08:00 ] ERR: 文件名$action：news
[ 2017-02-22T16:12:11+08:00 ] ERR: 文件名$module：Home/tw
[ 2017-02-22T16:12:12+08:00 ] ERR: 文件名$path：Array
[ 2017-02-22T16:12:12+08:00 ] ERR: 文件名$action：article
[ 2017-02-22T16:12:12+08:00 ] ERR: 文件名$module：Home/rxjhz
[ 2017-02-22T16:13:06+08:00 ] ERR: 文件名$path：Array
[ 2017-02-22T16:13:06+08:00 ] ERR: 文件名$action：index
[ 2017-02-22T16:13:06+08:00 ] ERR: 文件名$module：Home/czzzt
[ 2017-02-22T16:13:08+08:00 ] ERR: 文件名$path：Array
[ 2017-02-22T16:13:08+08:00 ] ERR: 文件名$action：article
[ 2017-02-22T16:13:08+08:00 ] ERR: 文件名$module：Home/swydn
[ 2017-02-22T16:13:38+08:00 ] ERR: 文件名$path：Array
[ 2017-02-22T16:13:38+08:00 ] ERR: 文件名$action：article
[ 2017-02-22T16:13:38+08:00 ] ERR: 文件名$module：Home/xtj
[ 2017-02-22T16:14:36+08:00 ] ERR: 文件名$path：Array
[ 2017-02-22T16:14:36+08:00 ] ERR: 文件名$action：article
[ 2017-02-22T16:14:36+08:00 ] ERR: 文件名$module：Home/jxfml
[ 2017-02-22T16:16:43+08:00 ] ERR: 文件名$path：Array
[ 2017-02-22T16:16:43+08:00 ] ERR: 文件名$action：article
[ 2017-02-22T16:16:43+08:00 ] ERR: 文件名$module：Home/jxfml
[ 2017-02-22T16:16:53+08:00 ] ERR: 文件名$path：Array
[ 2017-02-22T16:16:53+08:00 ] ERR: 文件名$action：index
[ 2017-02-22T16:16:53+08:00 ] ERR: 文件名$module：Home/jyjh
[ 2017-02-22T16:19:52+08:00 ] ERR: 文件名$path：Array
[ 2017-02-22T16:19:52+08:00 ] ERR: 文件名$action：index
[ 2017-02-22T16:19:52+08:00 ] ERR: 文件名$module：Dlq/dzs
[ 2017-02-22T16:20:43+08:00 ] ERR: 文件名$path：Array
[ 2017-02-22T16:20:43+08:00 ] ERR: 文件名$action：index
[ 2017-02-22T16:20:43+08:00 ] ERR: 文件名$module：Home/hongsezt
[ 2017-02-22T16:20:44+08:00 ] ERR: 文件名$path：Array
[ 2017-02-22T16:20:44+08:00 ] ERR: 文件名$action：index
[ 2017-02-22T16:20:44+08:00 ] ERR: 文件名$module：Home/hongsezt
[ 2017-02-22T16:21:40+08:00 ] ERR: 文件名$path：Array
[ 2017-02-22T16:21:40+08:00 ] ERR: 文件名$action：index
[ 2017-02-22T16:21:40+08:00 ] ERR: 文件名$module：Home/hxmt
[ 2017-02-22T16:28:33+08:00 ] ERR: 文件名$path：Array
[ 2017-02-22T16:28:33+08:00 ] ERR: 文件名$action：gonglve
[ 2017-02-22T16:28:33+08:00 ] ERR: 文件名$module：Home/sgl
[ 2017-02-22T16:30:58+08:00 ] ERR: 文件名$path：Array
[ 2017-02-22T16:30:58+08:00 ] ERR: 文件名$action：article
[ 2017-02-22T16:30:58+08:00 ] ERR: 文件名$module：Home/xtj
[ 2017-02-22T16:31:16+08:00 ] ERR: 文件名$path：Array
[ 2017-02-22T16:31:16+08:00 ] ERR: 文件名$action：article
[ 2017-02-22T16:31:16+08:00 ] ERR: 文件名$module：Home/xtj
[ 2017-02-22T16:31:22+08:00 ] ERR: 文件名$path：Array
[ 2017-02-22T16:31:22+08:00 ] ERR: 文件名$action：article
[ 2017-02-22T16:31:22+08:00 ] ERR: 文件名$module：Home/xtj
[ 2017-02-22T16:31:43+08:00 ] ERR: 文件名$path：Array
[ 2017-02-22T16:31:43+08:00 ] ERR: 文件名$action：article
[ 2017-02-22T16:31:43+08:00 ] ERR: 文件名$module：Home/xtj
[ 2017-02-22T16:31:56+08:00 ] ERR: 文件名$path：Array
[ 2017-02-22T16:31:56+08:00 ] ERR: 文件名$action：ziliao
[ 2017-02-22T16:31:56+08:00 ] ERR: 文件名$module：Home/xtj
[ 2017-02-22T16:32:40+08:00 ] ERR: 文件名$path：Array
[ 2017-02-22T16:32:40+08:00 ] ERR: 文件名$action：article
[ 2017-02-22T16:32:40+08:00 ] ERR: 文件名$module：Home/tmj
[ 2017-02-22T16:32:50+08:00 ] ERR: 文件名$path：Array
[ 2017-02-22T16:32:50+08:00 ] ERR: 文件名$action：article
[ 2017-02-22T16:32:50+08:00 ] ERR: 文件名$module：Home/xtj
[ 2017-02-22T16:33:04+08:00 ] ERR: 文件名$path：Array
[ 2017-02-22T16:33:04+08:00 ] ERR: 文件名$action：gonglve
[ 2017-02-22T16:33:04+08:00 ] ERR: 文件名$module：Home/xtj
[ 2017-02-22T16:33:16+08:00 ] ERR: 文件名$path：Array
[ 2017-02-22T16:33:16+08:00 ] ERR: 文件名$action：article
[ 2017-02-22T16:33:16+08:00 ] ERR: 文件名$module：Home/xtj
[ 2017-02-22T16:34:01+08:00 ] ERR: 文件名$path：Array
[ 2017-02-22T16:34:01+08:00 ] ERR: 文件名$action：article
[ 2017-02-22T16:34:01+08:00 ] ERR: 文件名$module：Home/xtj
[ 2017-02-22T16:34:11+08:00 ] ERR: 文件名$path：Array
[ 2017-02-22T16:34:11+08:00 ] ERR: 文件名$action：article
[ 2017-02-22T16:34:11+08:00 ] ERR: 文件名$module：Home/xtj
[ 2017-02-22T16:34:22+08:00 ] ERR: 文件名$path：Array
[ 2017-02-22T16:34:22+08:00 ] ERR: 文件名$action：article
[ 2017-02-22T16:34:22+08:00 ] ERR: 文件名$module：Home/xtj
[ 2017-02-22T16:34:35+08:00 ] ERR: 文件名$path：Array
[ 2017-02-22T16:34:35+08:00 ] ERR: 文件名$action：article
[ 2017-02-22T16:34:35+08:00 ] ERR: 文件名$module：Home/xtj
[ 2017-02-22T16:34:43+08:00 ] ERR: 文件名$path：Array
[ 2017-02-22T16:34:43+08:00 ] ERR: 文件名$action：article
[ 2017-02-22T16:34:43+08:00 ] ERR: 文件名$module：Home/xtj
[ 2017-02-22T16:34:49+08:00 ] ERR: 文件名$path：Array
[ 2017-02-22T16:34:49+08:00 ] ERR: 文件名$action：article
[ 2017-02-22T16:34:49+08:00 ] ERR: 文件名$module：Home/xtj
[ 2017-02-22T16:34:56+08:00 ] ERR: 文件名$path：Array
[ 2017-02-22T16:34:56+08:00 ] ERR: 文件名$action：article
[ 2017-02-22T16:34:56+08:00 ] ERR: 文件名$module：Home/xtj
[ 2017-02-22T16:35:39+08:00 ] ERR: 文件名$path：Array
[ 2017-02-22T16:35:39+08:00 ] ERR: 文件名$action：article
[ 2017-02-22T16:35:39+08:00 ] ERR: 文件名$module：Home/xtj
[ 2017-02-22T16:37:22+08:00 ] ERR: 文件名$path：Array
[ 2017-02-22T16:37:22+08:00 ] ERR: 文件名$action：server_list
[ 2017-02-22T16:37:22+08:00 ] ERR: 文件名$module：Home/tmld
[ 2017-02-22T16:37:35+08:00 ] ERR: 文件名$path：Array
[ 2017-02-22T16:37:35+08:00 ] ERR: 文件名$action：article
[ 2017-02-22T16:37:35+08:00 ] ERR: 文件名$module：Home/xtj
[ 2017-02-22T16:37:48+08:00 ] ERR: 文件名$path：Array
[ 2017-02-22T16:37:48+08:00 ] ERR: 文件名$action：article
[ 2017-02-22T16:37:48+08:00 ] ERR: 文件名$module：Home/xtj
[ 2017-02-22T16:38:16+08:00 ] ERR: 文件名$path：Array
[ 2017-02-22T16:38:16+08:00 ] ERR: 文件名$action：article
[ 2017-02-22T16:38:16+08:00 ] ERR: 文件名$module：Home/xtj
[ 2017-02-22T16:38:27+08:00 ] ERR: 文件名$path：Array
[ 2017-02-22T16:38:27+08:00 ] ERR: 文件名$action：article
[ 2017-02-22T16:38:27+08:00 ] ERR: 文件名$module：Home/xtj
[ 2017-02-22T16:38:38+08:00 ] ERR: 文件名$path：Array
[ 2017-02-22T16:38:38+08:00 ] ERR: 文件名$action：article
[ 2017-02-22T16:38:38+08:00 ] ERR: 文件名$module：Home/xtj
[ 2017-02-22T16:38:48+08:00 ] ERR: 文件名$path：Array
[ 2017-02-22T16:38:48+08:00 ] ERR: 文件名$action：article
[ 2017-02-22T16:38:48+08:00 ] ERR: 文件名$module：Home/xtj
[ 2017-02-22T16:38:54+08:00 ] ERR: 文件名$path：Array
[ 2017-02-22T16:38:54+08:00 ] ERR: 文件名$action：article
[ 2017-02-22T16:38:54+08:00 ] ERR: 文件名$module：Home/xtj
[ 2017-02-22T16:39:14+08:00 ] ERR: 文件名$path：Array
[ 2017-02-22T16:39:14+08:00 ] ERR: 文件名$action：article
[ 2017-02-22T16:39:14+08:00 ] ERR: 文件名$module：Home/xtj
[ 2017-02-22T16:40:04+08:00 ] ERR: 文件名$path：Array
[ 2017-02-22T16:40:04+08:00 ] ERR: 文件名$action：article
[ 2017-02-22T16:40:04+08:00 ] ERR: 文件名$module：Home/xtj
[ 2017-02-22T16:40:22+08:00 ] ERR: 文件名$path：Array
[ 2017-02-22T16:40:22+08:00 ] ERR: 文件名$action：article
[ 2017-02-22T16:40:22+08:00 ] ERR: 文件名$module：Home/xtj
[ 2017-02-22T16:40:29+08:00 ] ERR: 文件名$path：Array
[ 2017-02-22T16:40:29+08:00 ] ERR: 文件名$action：article
[ 2017-02-22T16:40:29+08:00 ] ERR: 文件名$module：Home/xtj
[ 2017-02-22T16:41:05+08:00 ] ERR: 文件名$path：Array
[ 2017-02-22T16:41:05+08:00 ] ERR: 文件名$action：article
[ 2017-02-22T16:41:05+08:00 ] ERR: 文件名$module：Home/xtj
[ 2017-02-22T16:49:19+08:00 ] ERR: 文件名$path：Array
[ 2017-02-22T16:49:19+08:00 ] ERR: 文件名$action：index
[ 2017-02-22T16:49:19+08:00 ] ERR: 文件名$module：Home/fbdl
[ 2017-02-22T16:49:53+08:00 ] ERR: 文件名$path：Array
[ 2017-02-22T16:49:53+08:00 ] ERR: 文件名$action：index
[ 2017-02-22T16:49:53+08:00 ] ERR: 文件名$module：Home/xy
[ 2017-02-22T16:51:10+08:00 ] ERR: 文件名$path：Array
[ 2017-02-22T16:51:10+08:00 ] ERR: 文件名$action：index
[ 2017-02-22T16:51:10+08:00 ] ERR: 文件名$module：Home/ds
[ 2017-02-22T16:52:32+08:00 ] ERR: 文件名$path：Array
[ 2017-02-22T16:52:32+08:00 ] ERR: 文件名$action：huodong
[ 2017-02-22T16:52:32+08:00 ] ERR: 文件名$module：Home/ttxy
[ 2017-02-22T16:55:06+08:00 ] ERR: 文件名$path：Array
[ 2017-02-22T16:55:06+08:00 ] ERR: 文件名$action：index
[ 2017-02-22T16:55:06+08:00 ] ERR: 文件名$module：Home/ddzb
[ 2017-02-22T16:57:34+08:00 ] ERR: 文件名$path：Array
[ 2017-02-22T16:57:34+08:00 ] ERR: 文件名$action：article
[ 2017-02-22T16:57:34+08:00 ] ERR: 文件名$module：Home/dzs
[ 2017-02-22T17:00:08+08:00 ] ERR: 文件名$path：Array
[ 2017-02-22T17:00:08+08:00 ] ERR: 文件名$action：article
[ 2017-02-22T17:00:08+08:00 ] ERR: 文件名$module：Home/ds
[ 2017-02-22T17:00:15+08:00 ] ERR: 文件名$path：Array
[ 2017-02-22T17:00:15+08:00 ] ERR: 文件名$action：article
[ 2017-02-22T17:00:15+08:00 ] ERR: 文件名$module：Home/rxjhz
[ 2017-02-22T17:02:38+08:00 ] ERR: 文件名$path：Array
[ 2017-02-22T17:02:38+08:00 ] ERR: 文件名$action：index
[ 2017-02-22T17:02:38+08:00 ] ERR: 文件名$module：Home/rxjhz
[ 2017-02-22T17:04:29+08:00 ] ERR: 文件名$path：Array
[ 2017-02-22T17:04:29+08:00 ] ERR: 文件名$action：index
[ 2017-02-22T17:04:29+08:00 ] ERR: 文件名$module：Home/hxmt
[ 2017-02-22T17:05:09+08:00 ] ERR: 文件名$path：Array
[ 2017-02-22T17:05:09+08:00 ] ERR: 文件名$action：article
[ 2017-02-22T17:05:09+08:00 ] ERR: 文件名$module：Home/rxjhz
[ 2017-02-22T17:06:28+08:00 ] ERR: 文件名$path：Array
[ 2017-02-22T17:06:28+08:00 ] ERR: 文件名$action：article
[ 2017-02-22T17:06:28+08:00 ] ERR: 文件名$module：Home/fbdl
[ 2017-02-22T17:06:31+08:00 ] ERR: 文件名$path：Array
[ 2017-02-22T17:06:31+08:00 ] ERR: 文件名$action：article
[ 2017-02-22T17:06:31+08:00 ] ERR: 文件名$module：Home/ds
[ 2017-02-22T17:06:37+08:00 ] ERR: 文件名$path：Array
[ 2017-02-22T17:06:37+08:00 ] ERR: 文件名$action：article
[ 2017-02-22T17:06:37+08:00 ] ERR: 文件名$module：Home/rxjhz
[ 2017-02-22T17:06:46+08:00 ] ERR: 文件名$path：Array
[ 2017-02-22T17:06:46+08:00 ] ERR: 文件名$action：article
[ 2017-02-22T17:06:46+08:00 ] ERR: 文件名$module：Home/rxjhz
[ 2017-02-22T17:07:33+08:00 ] ERR: 文件名$path：Array
[ 2017-02-22T17:07:33+08:00 ] ERR: 文件名$action：article
[ 2017-02-22T17:07:33+08:00 ] ERR: 文件名$module：Home/rxjhz
[ 2017-02-22T17:09:45+08:00 ] ERR: 文件名$path：Array
[ 2017-02-22T17:09:45+08:00 ] ERR: 文件名$action：article
[ 2017-02-22T17:09:45+08:00 ] ERR: 文件名$module：Home/rxjhz
[ 2017-02-22T17:11:48+08:00 ] ERR: 文件名$path：Array
[ 2017-02-22T17:11:48+08:00 ] ERR: 文件名$action：index
[ 2017-02-22T17:11:48+08:00 ] ERR: 文件名$module：Home/sd
[ 2017-02-22T17:11:57+08:00 ] ERR: 文件名$path：Array
[ 2017-02-22T17:11:57+08:00 ] ERR: 文件名$action：index
[ 2017-02-22T17:11:57+08:00 ] ERR: 文件名$module：Home/sd
[ 2017-02-22T17:13:12+08:00 ] ERR: 文件名$path：Array
[ 2017-02-22T17:13:12+08:00 ] ERR: 文件名$action：ziliao
[ 2017-02-22T17:13:12+08:00 ] ERR: 文件名$module：Home/xy
[ 2017-02-22T17:14:44+08:00 ] ERR: 文件名$path：Array
[ 2017-02-22T17:14:44+08:00 ] ERR: 文件名$action：index
[ 2017-02-22T17:14:44+08:00 ] ERR: 文件名$module：Home/jyjh
[ 2017-02-22T17:15:11+08:00 ] ERR: 文件名$path：Array
[ 2017-02-22T17:15:11+08:00 ] ERR: 文件名$action：index
[ 2017-02-22T17:15:11+08:00 ] ERR: 文件名$module：Home/jyjh
[ 2017-02-22T17:15:11+08:00 ] ERR: 文件名$path：Array
[ 2017-02-22T17:15:11+08:00 ] ERR: 文件名$action：index
[ 2017-02-22T17:15:11+08:00 ] ERR: 文件名$module：Home/jyjh
[ 2017-02-22T17:16:32+08:00 ] ERR: 文件名$path：Array
[ 2017-02-22T17:16:32+08:00 ] ERR: 文件名$action：index
[ 2017-02-22T17:16:32+08:00 ] ERR: 文件名$module：Home/jyjh
[ 2017-02-22T17:16:33+08:00 ] ERR: 文件名$path：Array
[ 2017-02-22T17:16:33+08:00 ] ERR: 文件名$action：index
[ 2017-02-22T17:16:33+08:00 ] ERR: 文件名$module：Home/jyjh
[ 2017-02-22T17:16:43+08:00 ] ERR: 文件名$path：Array
[ 2017-02-22T17:16:43+08:00 ] ERR: 文件名$action：index
[ 2017-02-22T17:16:43+08:00 ] ERR: 文件名$module：Home/jyjh
[ 2017-02-22T17:17:22+08:00 ] ERR: 文件名$path：Array
[ 2017-02-22T17:17:22+08:00 ] ERR: 文件名$action：index
[ 2017-02-22T17:17:22+08:00 ] ERR: 文件名$module：Home/jyjh
[ 2017-02-22T17:17:31+08:00 ] ERR: 文件名$path：Array
[ 2017-02-22T17:17:31+08:00 ] ERR: 文件名$action：index
[ 2017-02-22T17:17:31+08:00 ] ERR: 文件名$module：Home/jyjh
[ 2017-02-22T17:21:21+08:00 ] ERR: 文件名$path：Array
[ 2017-02-22T17:21:21+08:00 ] ERR: 文件名$action：article
[ 2017-02-22T17:21:21+08:00 ] ERR: 文件名$module：Home/rxjhz
[ 2017-02-22T17:22:22+08:00 ] ERR: 文件名$path：Array
[ 2017-02-22T17:22:22+08:00 ] ERR: 文件名$action：article
[ 2017-02-22T17:22:22+08:00 ] ERR: 文件名$module：Home/ttxy
[ 2017-02-22T17:22:26+08:00 ] ERR: 文件名$path：Array
[ 2017-02-22T17:22:26+08:00 ] ERR: 文件名$action：article
[ 2017-02-22T17:22:26+08:00 ] ERR: 文件名$module：Home/tmld
[ 2017-02-22T17:22:38+08:00 ] ERR: 文件名$path：Array
[ 2017-02-22T17:22:38+08:00 ] ERR: 文件名$action：article
[ 2017-02-22T17:22:38+08:00 ] ERR: 文件名$module：Home/swydn
[ 2017-02-22T17:22:53+08:00 ] ERR: 文件名$path：Array
[ 2017-02-22T17:22:53+08:00 ] ERR: 文件名$action：article
[ 2017-02-22T17:22:53+08:00 ] ERR: 文件名$module：Home/sd
[ 2017-02-22T17:22:56+08:00 ] ERR: 文件名$path：Array
[ 2017-02-22T17:22:56+08:00 ] ERR: 文件名$action：article
[ 2017-02-22T17:22:56+08:00 ] ERR: 文件名$module：Home/xy
[ 2017-02-22T17:25:28+08:00 ] ERR: 文件名$path：Array
[ 2017-02-22T17:25:28+08:00 ] ERR: 文件名$action：article
[ 2017-02-22T17:25:28+08:00 ] ERR: 文件名$module：Home/jyjh
[ 2017-02-22T17:26:15+08:00 ] ERR: 文件名$path：Array
[ 2017-02-22T17:26:15+08:00 ] ERR: 文件名$action：article
[ 2017-02-22T17:26:15+08:00 ] ERR: 文件名$module：Home/ttxy
[ 2017-02-22T17:28:56+08:00 ] ERR: 文件名$path：Array
[ 2017-02-22T17:28:56+08:00 ] ERR: 文件名$action：index
[ 2017-02-22T17:28:56+08:00 ] ERR: 文件名$module：Home/xy
[ 2017-02-22T17:30:01+08:00 ] ERR: 文件名$path：Array
[ 2017-02-22T17:30:01+08:00 ] ERR: 文件名$action：article
[ 2017-02-22T17:30:01+08:00 ] ERR: 文件名$module：Home/xy
[ 2017-02-22T17:30:08+08:00 ] ERR: 文件名$path：Array
[ 2017-02-22T17:30:08+08:00 ] ERR: 文件名$action：ziliao
[ 2017-02-22T17:30:08+08:00 ] ERR: 文件名$module：Home/xy
[ 2017-02-22T17:32:51+08:00 ] ERR: 文件名$path：Array
[ 2017-02-22T17:32:51+08:00 ] ERR: 文件名$action：index
[ 2017-02-22T17:32:51+08:00 ] ERR: 文件名$module：Home/xy
[ 2017-02-22T17:32:54+08:00 ] ERR: 文件名$path：Array
[ 2017-02-22T17:32:54+08:00 ] ERR: 文件名$action：article
[ 2017-02-22T17:32:54+08:00 ] ERR: 文件名$module：Home/hongsezt
[ 2017-02-22T17:36:57+08:00 ] ERR: 文件名$path：Array
[ 2017-02-22T17:36:57+08:00 ] ERR: 文件名$action：ziliao
[ 2017-02-22T17:36:57+08:00 ] ERR: 文件名$module：Home/xy
[ 2017-02-22T17:36:57+08:00 ] ERR: 文件名$path：Array
[ 2017-02-22T17:36:57+08:00 ] ERR: 文件名$action：article
[ 2017-02-22T17:36:57+08:00 ] ERR: 文件名$module：Home/fbdl
[ 2017-02-22T17:37:00+08:00 ] ERR: 文件名$path：Array
[ 2017-02-22T17:37:00+08:00 ] ERR: 文件名$action：index
[ 2017-02-22T17:37:00+08:00 ] ERR: 文件名$module：Home/xy
[ 2017-02-22T17:37:40+08:00 ] ERR: 文件名$path：Array
[ 2017-02-22T17:37:40+08:00 ] ERR: 文件名$action：server_list
[ 2017-02-22T17:37:40+08:00 ] ERR: 文件名$module：Home/xtj
[ 2017-02-22T17:37:58+08:00 ] ERR: 文件名$path：Array
[ 2017-02-22T17:37:58+08:00 ] ERR: 文件名$action：index
[ 2017-02-22T17:37:58+08:00 ] ERR: 文件名$module：Home/xy
[ 2017-02-22T17:42:49+08:00 ] ERR: 文件名$path：Array
[ 2017-02-22T17:42:49+08:00 ] ERR: 文件名$action：article
[ 2017-02-22T17:42:49+08:00 ] ERR: 文件名$module：Home/hongsezt
[ 2017-02-22T17:42:53+08:00 ] ERR: 文件名$path：Array
[ 2017-02-22T17:42:53+08:00 ] ERR: 文件名$action：huodong
[ 2017-02-22T17:42:53+08:00 ] ERR: 文件名$module：Home/ttxy
[ 2017-02-22T17:45:27+08:00 ] ERR: 文件名$path：Array
[ 2017-02-22T17:45:27+08:00 ] ERR: 文件名$action：article
[ 2017-02-22T17:45:27+08:00 ] ERR: 文件名$module：Home/rxjhz
[ 2017-02-22T17:49:19+08:00 ] ERR: 文件名$path：Array
[ 2017-02-22T17:49:19+08:00 ] ERR: 文件名$action：index
[ 2017-02-22T17:49:19+08:00 ] ERR: 文件名$module：Home/hongsezt
[ 2017-02-22T17:49:34+08:00 ] ERR: 文件名$path：Array
[ 2017-02-22T17:49:34+08:00 ] ERR: 文件名$action：article
[ 2017-02-22T17:49:34+08:00 ] ERR: 文件名$module：Home/tmld
[ 2017-02-22T17:52:54+08:00 ] ERR: 文件名$path：Array
[ 2017-02-22T17:52:54+08:00 ] ERR: 文件名$action：article
[ 2017-02-22T17:52:54+08:00 ] ERR: 文件名$module：Home/jyjh
[ 2017-02-22T17:53:03+08:00 ] ERR: 文件名$path：Array
[ 2017-02-22T17:53:03+08:00 ] ERR: 文件名$action：article
[ 2017-02-22T17:53:03+08:00 ] ERR: 文件名$module：Home/tmld
[ 2017-02-22T17:55:55+08:00 ] ERR: 文件名$path：Array
[ 2017-02-22T17:55:55+08:00 ] ERR: 文件名$action：article
[ 2017-02-22T17:55:55+08:00 ] ERR: 文件名$module：Home/hongsezt
[ 2017-02-22T17:56:15+08:00 ] ERR: 文件名$path：Array
[ 2017-02-22T17:56:15+08:00 ] ERR: 文件名$action：index
[ 2017-02-22T17:56:15+08:00 ] ERR: 文件名$module：Home/fyws
[ 2017-02-22T17:56:52+08:00 ] ERR: 文件名$path：Array
[ 2017-02-22T17:56:52+08:00 ] ERR: 文件名$action：index
[ 2017-02-22T17:56:52+08:00 ] ERR: 文件名$module：Home/tmj
[ 2017-02-22T17:58:34+08:00 ] ERR: 文件名$path：Array
[ 2017-02-22T17:58:34+08:00 ] ERR: 文件名$action：article
[ 2017-02-22T17:58:34+08:00 ] ERR: 文件名$module：Home/fbdl
[ 2017-02-22T18:00:38+08:00 ] ERR: 文件名$path：Array
[ 2017-02-22T18:00:38+08:00 ] ERR: 文件名$action：index
[ 2017-02-22T18:00:38+08:00 ] ERR: 文件名$module：Home/hongsezt
[ 2017-02-22T18:01:24+08:00 ] ERR: 文件名$path：Array
[ 2017-02-22T18:01:24+08:00 ] ERR: 文件名$action：index
[ 2017-02-22T18:01:24+08:00 ] ERR: 文件名$module：Home/xtj
[ 2017-02-22T18:01:26+08:00 ] ERR: 文件名$path：Array
[ 2017-02-22T18:01:26+08:00 ] ERR: 文件名$action：index
[ 2017-02-22T18:01:26+08:00 ] ERR: 文件名$module：Home/xtj
[ 2017-02-22T18:02:13+08:00 ] SQL: 游戏登陆日志写入失败!
[ 2017-02-22T18:02:25+08:00 ] ERR: 文件名$path：Array
[ 2017-02-22T18:02:25+08:00 ] ERR: 文件名$action：index
[ 2017-02-22T18:02:25+08:00 ] ERR: 文件名$module：Home/hongsezt
[ 2017-02-22T18:05:24+08:00 ] ERR: 文件名$path：Array
[ 2017-02-22T18:05:24+08:00 ] ERR: 文件名$action：index
[ 2017-02-22T18:05:24+08:00 ] ERR: 文件名$module：Home/xy
[ 2017-02-22T18:07:34+08:00 ] ERR: 文件名$path：Array
[ 2017-02-22T18:07:34+08:00 ] ERR: 文件名$action：index
[ 2017-02-22T18:07:34+08:00 ] ERR: 文件名$module：Home/fyws
[ 2017-02-22T18:07:47+08:00 ] ERR: 文件名$path：Array
[ 2017-02-22T18:07:47+08:00 ] ERR: 文件名$action：index
[ 2017-02-22T18:07:47+08:00 ] ERR: 文件名$module：Home/fbdl
[ 2017-02-22T18:09:44+08:00 ] ERR: 文件名$path：Array
[ 2017-02-22T18:09:44+08:00 ] ERR: 文件名$action：article
[ 2017-02-22T18:09:44+08:00 ] ERR: 文件名$module：Home/ttxy
[ 2017-02-22T18:16:46+08:00 ] SQL: 游戏登陆日志写入失败!
[ 2017-02-22T18:17:44+08:00 ] ERR: 文件名$path：Array
[ 2017-02-22T18:17:44+08:00 ] ERR: 文件名$action：index
[ 2017-02-22T18:17:44+08:00 ] ERR: 文件名$module：Home/fbdl
[ 2017-02-22T18:18:23+08:00 ] SQL: 游戏登陆日志写入失败!
[ 2017-02-22T18:19:11+08:00 ] SQL: 游戏登陆日志写入失败!
[ 2017-02-22T18:19:45+08:00 ] ERR: 文件名$path：Array
[ 2017-02-22T18:19:45+08:00 ] ERR: 文件名$action：index
[ 2017-02-22T18:19:45+08:00 ] ERR: 文件名$module：Home/ddzb
[ 2017-02-22T18:20:36+08:00 ] ERR: 文件名$path：Array
[ 2017-02-22T18:20:36+08:00 ] ERR: 文件名$action：article
[ 2017-02-22T18:20:36+08:00 ] ERR: 文件名$module：Home/hxmt
[ 2017-02-22T18:24:53+08:00 ] ERR: 文件名$path：Array
[ 2017-02-22T18:24:53+08:00 ] ERR: 文件名$action：index
[ 2017-02-22T18:24:53+08:00 ] ERR: 文件名$module：Home/sd
[ 2017-02-22T18:29:57+08:00 ] ERR: 文件名$path：Array
[ 2017-02-22T18:29:57+08:00 ] ERR: 文件名$action：article
[ 2017-02-22T18:29:57+08:00 ] ERR: 文件名$module：Home/ttxy
[ 2017-02-22T18:30:11+08:00 ] ERR: 文件名$path：Array
[ 2017-02-22T18:30:11+08:00 ] ERR: 文件名$action：gonglve
[ 2017-02-22T18:30:11+08:00 ] ERR: 文件名$module：Home/tmld
[ 2017-02-22T18:35:33+08:00 ] ERR: 文件名$path：Array
[ 2017-02-22T18:35:33+08:00 ] ERR: 文件名$action：article
[ 2017-02-22T18:35:33+08:00 ] ERR: 文件名$module：Home/jxqy
[ 2017-02-22T18:41:34+08:00 ] ERR: 文件名$path：Array
[ 2017-02-22T18:41:34+08:00 ] ERR: 文件名$action：index
[ 2017-02-22T18:41:34+08:00 ] ERR: 文件名$module：Dlq/dzs
[ 2017-02-22T18:41:55+08:00 ] ERR: 文件名$path：Array
[ 2017-02-22T18:41:55+08:00 ] ERR: 文件名$action：article
[ 2017-02-22T18:41:55+08:00 ] ERR: 文件名$module：Home/bfx
[ 2017-02-22T18:48:11+08:00 ] ERR: 文件名$path：Array
[ 2017-02-22T18:48:11+08:00 ] ERR: 文件名$action：index
[ 2017-02-22T18:48:11+08:00 ] ERR: 文件名$module：Home/hxmt
[ 2017-02-22T18:48:14+08:00 ] ERR: 文件名$path：Array
[ 2017-02-22T18:48:14+08:00 ] ERR: 文件名$action：server_list
[ 2017-02-22T18:48:14+08:00 ] ERR: 文件名$module：Home/hxmt
[ 2017-02-22T18:48:53+08:00 ] ERR: 文件名$path：Array
[ 2017-02-22T18:48:53+08:00 ] ERR: 文件名$action：index
[ 2017-02-22T18:48:53+08:00 ] ERR: 文件名$module：Home/fbdl
[ 2017-02-22T18:49:30+08:00 ] ERR: 文件名$path：Array
[ 2017-02-22T18:49:30+08:00 ] ERR: 文件名$action：article
[ 2017-02-22T18:49:30+08:00 ] ERR: 文件名$module：Home/hongsezt
[ 2017-02-22T18:52:52+08:00 ] ERR: 文件名$path：Array
[ 2017-02-22T18:52:52+08:00 ] ERR: 文件名$action：article
[ 2017-02-22T18:52:52+08:00 ] ERR: 文件名$module：Home/jyjh
[ 2017-02-22T18:52:52+08:00 ] ERR: 文件名$path：Array
[ 2017-02-22T18:52:52+08:00 ] ERR: 文件名$action：article
[ 2017-02-22T18:52:52+08:00 ] ERR: 文件名$module：Home/hxmt
[ 2017-02-22T18:52:52+08:00 ] ERR: 文件名$path：Array
[ 2017-02-22T18:52:52+08:00 ] ERR: 文件名$action：article
[ 2017-02-22T18:52:52+08:00 ] ERR: 文件名$module：Home/ddzb
[ 2017-02-22T18:52:52+08:00 ] ERR: 文件名$path：Array
[ 2017-02-22T18:52:52+08:00 ] ERR: 文件名$action：article
[ 2017-02-22T18:52:52+08:00 ] ERR: 文件名$module：Home/czzzt
[ 2017-02-22T18:52:52+08:00 ] ERR: 文件名$path：Array
[ 2017-02-22T18:52:52+08:00 ] ERR: 文件名$action：article
[ 2017-02-22T18:52:52+08:00 ] ERR: 文件名$module：Home/jyjh
[ 2017-02-22T18:52:52+08:00 ] ERR: 文件名$path：Array
[ 2017-02-22T18:52:52+08:00 ] ERR: 文件名$action：article
[ 2017-02-22T18:52:52+08:00 ] ERR: 文件名$module：Home/fyws
[ 2017-02-22T18:52:52+08:00 ] ERR: 文件名$path：Array
[ 2017-02-22T18:52:52+08:00 ] ERR: 文件名$action：article
[ 2017-02-22T18:52:52+08:00 ] ERR: 文件名$module：Home/fyws
[ 2017-02-22T18:52:53+08:00 ] ERR: 文件名$path：Array
[ 2017-02-22T18:52:53+08:00 ] ERR: 文件名$action：article
[ 2017-02-22T18:52:53+08:00 ] ERR: 文件名$module：Home/tmld
[ 2017-02-22T18:52:53+08:00 ] ERR: 文件名$path：Array
[ 2017-02-22T18:52:53+08:00 ] ERR: 文件名$action：article
[ 2017-02-22T18:52:53+08:00 ] ERR: 文件名$module：Home/swydn
[ 2017-02-22T18:52:53+08:00 ] ERR: 文件名$path：Array
[ 2017-02-22T18:52:53+08:00 ] ERR: 文件名$action：article
[ 2017-02-22T18:52:53+08:00 ] ERR: 文件名$module：Home/rxjhz
[ 2017-02-22T18:52:53+08:00 ] ERR: 文件名$path：Array
[ 2017-02-22T18:52:53+08:00 ] ERR: 文件名$action：article
[ 2017-02-22T18:52:53+08:00 ] ERR: 文件名$module：Home/hongsezt
[ 2017-02-22T18:52:53+08:00 ] ERR: 文件名$path：Array
[ 2017-02-22T18:52:53+08:00 ] ERR: 文件名$action：server_list
[ 2017-02-22T18:52:53+08:00 ] ERR: 文件名$module：Home/ttxy
[ 2017-02-22T18:52:54+08:00 ] ERR: 文件名$path：Array
[ 2017-02-22T18:52:54+08:00 ] ERR: 文件名$action：article
[ 2017-02-22T18:52:54+08:00 ] ERR: 文件名$module：Home/ddzb
[ 2017-02-22T18:54:50+08:00 ] ERR: 文件名$path：Array
[ 2017-02-22T18:54:50+08:00 ] ERR: 文件名$action：article
[ 2017-02-22T18:54:50+08:00 ] ERR: 文件名$module：Home/jyjh
[ 2017-02-22T18:55:03+08:00 ] ERR: 文件名$path：Array
[ 2017-02-22T18:55:03+08:00 ] ERR: 文件名$action：index
[ 2017-02-22T18:55:03+08:00 ] ERR: 文件名$module：Home/xtj
[ 2017-02-22T18:55:04+08:00 ] ERR: 文件名$path：Array
[ 2017-02-22T18:55:04+08:00 ] ERR: 文件名$action：index
[ 2017-02-22T18:55:04+08:00 ] ERR: 文件名$module：Home/xtj
[ 2017-02-22T18:58:17+08:00 ] ERR: 文件名$path：Array
[ 2017-02-22T18:58:17+08:00 ] ERR: 文件名$action：article
[ 2017-02-22T18:58:17+08:00 ] ERR: 文件名$module：Home/xy
[ 2017-02-22T19:01:42+08:00 ] ERR: 文件名$path：Array
[ 2017-02-22T19:01:42+08:00 ] ERR: 文件名$action：index
[ 2017-02-22T19:01:42+08:00 ] ERR: 文件名$module：Home/jyjh
[ 2017-02-22T19:02:06+08:00 ] ERR: 文件名$path：Array
[ 2017-02-22T19:02:06+08:00 ] ERR: 文件名$action：server_list
[ 2017-02-22T19:02:06+08:00 ] ERR: 文件名$module：Home/jyjh
[ 2017-02-22T19:02:15+08:00 ] ERR: 文件名$path：Array
[ 2017-02-22T19:02:15+08:00 ] ERR: 文件名$action：server_list
[ 2017-02-22T19:02:15+08:00 ] ERR: 文件名$module：Home/jyjh
[ 2017-02-22T19:02:57+08:00 ] ERR: 文件名$path：Array
[ 2017-02-22T19:02:57+08:00 ] ERR: 文件名$action：index
[ 2017-02-22T19:02:57+08:00 ] ERR: 文件名$module：Home/jyjh
[ 2017-02-22T19:03:02+08:00 ] ERR: 文件名$path：Array
[ 2017-02-22T19:03:02+08:00 ] ERR: 文件名$action：index
[ 2017-02-22T19:03:02+08:00 ] ERR: 文件名$module：Home/jyjh
[ 2017-02-22T19:04:53+08:00 ] ERR: 文件名$path：Array
[ 2017-02-22T19:04:53+08:00 ] ERR: 文件名$action：huodong
[ 2017-02-22T19:04:53+08:00 ] ERR: 文件名$module：Home/ttxy
[ 2017-02-22T19:07:58+08:00 ] ERR: 文件名$path：Array
[ 2017-02-22T19:07:58+08:00 ] ERR: 文件名$action：server_list
[ 2017-02-22T19:07:58+08:00 ] ERR: 文件名$module：Home/jxfml
[ 2017-02-22T19:08:54+08:00 ] ERR: 文件名$path：Array
[ 2017-02-22T19:08:54+08:00 ] ERR: 文件名$action：index
[ 2017-02-22T19:08:54+08:00 ] ERR: 文件名$module：Home/ttxy
[ 2017-02-22T19:12:50+08:00 ] ERR: 文件名$path：Array
[ 2017-02-22T19:12:50+08:00 ] ERR: 文件名$action：index
[ 2017-02-22T19:12:50+08:00 ] ERR: 文件名$module：Home/ds
[ 2017-02-22T19:15:42+08:00 ] ERR: 文件名$path：Array
[ 2017-02-22T19:15:42+08:00 ] ERR: 文件名$action：index
[ 2017-02-22T19:15:42+08:00 ] ERR: 文件名$module：Home/ttxy
[ 2017-02-22T19:15:54+08:00 ] ERR: 文件名$path：Array
[ 2017-02-22T19:15:54+08:00 ] ERR: 文件名$action：index
[ 2017-02-22T19:15:54+08:00 ] ERR: 文件名$module：Home/bfx
[ 2017-02-22T19:17:40+08:00 ] ERR: 文件名$path：Array
[ 2017-02-22T19:17:40+08:00 ] ERR: 文件名$action：article
[ 2017-02-22T19:17:40+08:00 ] ERR: 文件名$module：Home/fyws
[ 2017-02-22T19:21:44+08:00 ] ERR: 文件名$path：Array
[ 2017-02-22T19:21:44+08:00 ] ERR: 文件名$action：index
[ 2017-02-22T19:21:44+08:00 ] ERR: 文件名$module：Home/jyjh
[ 2017-02-22T19:21:47+08:00 ] ERR: 文件名$path：Array
[ 2017-02-22T19:21:47+08:00 ] ERR: 文件名$action：article
[ 2017-02-22T19:21:47+08:00 ] ERR: 文件名$module：Home/jyjh
[ 2017-02-22T19:21:57+08:00 ] ERR: 文件名$path：Array
[ 2017-02-22T19:21:57+08:00 ] ERR: 文件名$action：article
[ 2017-02-22T19:21:57+08:00 ] ERR: 文件名$module：Home/jyjh
[ 2017-02-22T19:23:09+08:00 ] ERR: 文件名$path：Array
[ 2017-02-22T19:23:09+08:00 ] ERR: 文件名$action：index
[ 2017-02-22T19:23:09+08:00 ] ERR: 文件名$module：Home/ttxy
[ 2017-02-22T19:23:49+08:00 ] ERR: 文件名$path：Array
[ 2017-02-22T19:23:49+08:00 ] ERR: 文件名$action：index
[ 2017-02-22T19:23:49+08:00 ] ERR: 文件名$module：Home/ttxy
[ 2017-02-22T19:24:09+08:00 ] ERR: 文件名$path：Array
[ 2017-02-22T19:24:09+08:00 ] ERR: 文件名$action：index
[ 2017-02-22T19:24:09+08:00 ] ERR: 文件名$module：Home/tw
[ 2017-02-22T19:24:53+08:00 ] ERR: 文件名$path：Array
[ 2017-02-22T19:24:53+08:00 ] ERR: 文件名$action：index
[ 2017-02-22T19:24:53+08:00 ] ERR: 文件名$module：Home/hxmt
[ 2017-02-22T19:24:54+08:00 ] ERR: 文件名$path：Array
[ 2017-02-22T19:24:54+08:00 ] ERR: 文件名$action：article
[ 2017-02-22T19:24:54+08:00 ] ERR: 文件名$module：Home/jyjh
[ 2017-02-22T19:31:58+08:00 ] ERR: 文件名$path：Array
[ 2017-02-22T19:31:58+08:00 ] ERR: 文件名$action：index
[ 2017-02-22T19:31:58+08:00 ] ERR: 文件名$module：Home/zz
[ 2017-02-22T19:37:13+08:00 ] ERR: 文件名$path：Array
[ 2017-02-22T19:37:13+08:00 ] ERR: 文件名$action：article
[ 2017-02-22T19:37:13+08:00 ] ERR: 文件名$module：Home/fbdl
[ 2017-02-22T19:38:24+08:00 ] ERR: 文件名$path：Array
[ 2017-02-22T19:38:24+08:00 ] ERR: 文件名$action：article
[ 2017-02-22T19:38:24+08:00 ] ERR: 文件名$module：Home/hongsezt
[ 2017-02-22T19:39:35+08:00 ] ERR: 文件名$path：Array
[ 2017-02-22T19:39:35+08:00 ] ERR: 文件名$action：index
[ 2017-02-22T19:39:35+08:00 ] ERR: 文件名$module：Home/zz
[ 2017-02-22T19:40:35+08:00 ] ERR: 文件名$path：Array
[ 2017-02-22T19:40:35+08:00 ] ERR: 文件名$action：index
[ 2017-02-22T19:40:35+08:00 ] ERR: 文件名$module：Home/zz
[ 2017-02-22T19:41:01+08:00 ] ERR: 文件名$path：Array
[ 2017-02-22T19:41:01+08:00 ] ERR: 文件名$action：article
[ 2017-02-22T19:41:01+08:00 ] ERR: 文件名$module：Home/jyjh
[ 2017-02-22T19:41:20+08:00 ] ERR: 文件名$path：Array
[ 2017-02-22T19:41:20+08:00 ] ERR: 文件名$action：article
[ 2017-02-22T19:41:20+08:00 ] ERR: 文件名$module：Home/sd
[ 2017-02-22T19:41:25+08:00 ] ERR: 文件名$path：Array
[ 2017-02-22T19:41:25+08:00 ] ERR: 文件名$action：article
[ 2017-02-22T19:41:25+08:00 ] ERR: 文件名$module：Home/rxjhz
[ 2017-02-22T19:42:00+08:00 ] ERR: 文件名$path：Array
[ 2017-02-22T19:42:00+08:00 ] ERR: 文件名$action：article
[ 2017-02-22T19:42:00+08:00 ] ERR: 文件名$module：Home/jyjh
[ 2017-02-22T19:42:07+08:00 ] ERR: 文件名$path：Array
[ 2017-02-22T19:42:07+08:00 ] ERR: 文件名$action：article
[ 2017-02-22T19:42:07+08:00 ] ERR: 文件名$module：Home/tmld
[ 2017-02-22T19:42:16+08:00 ] ERR: 文件名$path：Array
[ 2017-02-22T19:42:16+08:00 ] ERR: 文件名$action：article
[ 2017-02-22T19:42:16+08:00 ] ERR: 文件名$module：Home/tmld
[ 2017-02-22T19:42:20+08:00 ] ERR: 文件名$path：Array
[ 2017-02-22T19:42:20+08:00 ] ERR: 文件名$action：article
[ 2017-02-22T19:42:20+08:00 ] ERR: 文件名$module：Home/sd
[ 2017-02-22T19:42:34+08:00 ] ERR: 文件名$path：Array
[ 2017-02-22T19:42:34+08:00 ] ERR: 文件名$action：server_list
[ 2017-02-22T19:42:34+08:00 ] ERR: 文件名$module：Home/tmld
[ 2017-02-22T19:42:44+08:00 ] ERR: 文件名$path：Array
[ 2017-02-22T19:42:44+08:00 ] ERR: 文件名$action：server_list
[ 2017-02-22T19:42:44+08:00 ] ERR: 文件名$module：Home/tmld
[ 2017-02-22T19:43:00+08:00 ] ERR: 文件名$path：Array
[ 2017-02-22T19:43:00+08:00 ] ERR: 文件名$action：article
[ 2017-02-22T19:43:00+08:00 ] ERR: 文件名$module：Home/jyjh
[ 2017-02-22T19:43:20+08:00 ] ERR: 文件名$path：Array
[ 2017-02-22T19:43:20+08:00 ] ERR: 文件名$action：article
[ 2017-02-22T19:43:20+08:00 ] ERR: 文件名$module：Home/sd
[ 2017-02-22T19:44:00+08:00 ] ERR: 文件名$path：Array
[ 2017-02-22T19:44:00+08:00 ] ERR: 文件名$action：article
[ 2017-02-22T19:44:00+08:00 ] ERR: 文件名$module：Home/jyjh
[ 2017-02-22T19:44:20+08:00 ] ERR: 文件名$path：Array
[ 2017-02-22T19:44:20+08:00 ] ERR: 文件名$action：article
[ 2017-02-22T19:44:20+08:00 ] ERR: 文件名$module：Home/sd
[ 2017-02-22T19:44:40+08:00 ] ERR: 文件名$path：Array
[ 2017-02-22T19:44:40+08:00 ] ERR: 文件名$action：server_list
[ 2017-02-22T19:44:40+08:00 ] ERR: 文件名$module：Home/tmld
[ 2017-02-22T19:44:45+08:00 ] ERR: 文件名$path：Array
[ 2017-02-22T19:44:45+08:00 ] ERR: 文件名$action：server_list
[ 2017-02-22T19:44:45+08:00 ] ERR: 文件名$module：Home/tmld
[ 2017-02-22T19:45:00+08:00 ] ERR: 文件名$path：Array
[ 2017-02-22T19:45:00+08:00 ] ERR: 文件名$action：article
[ 2017-02-22T19:45:00+08:00 ] ERR: 文件名$module：Home/jyjh
[ 2017-02-22T19:45:02+08:00 ] ERR: 文件名$path：Array
[ 2017-02-22T19:45:02+08:00 ] ERR: 文件名$action：index
[ 2017-02-22T19:45:02+08:00 ] ERR: 文件名$module：Home/hxmt
[ 2017-02-22T19:45:20+08:00 ] ERR: 文件名$path：Array
[ 2017-02-22T19:45:20+08:00 ] ERR: 文件名$action：article
[ 2017-02-22T19:45:20+08:00 ] ERR: 文件名$module：Home/sd
[ 2017-02-22T19:45:40+08:00 ] ERR: 文件名$path：Array
[ 2017-02-22T19:45:40+08:00 ] ERR: 文件名$action：article
[ 2017-02-22T19:45:40+08:00 ] ERR: 文件名$module：Home/fyws
[ 2017-02-22T19:46:00+08:00 ] ERR: 文件名$path：Array
[ 2017-02-22T19:46:00+08:00 ] ERR: 文件名$action：article
[ 2017-02-22T19:46:00+08:00 ] ERR: 文件名$module：Home/ttxy
[ 2017-02-22T19:46:20+08:00 ] ERR: 文件名$path：Array
[ 2017-02-22T19:46:20+08:00 ] ERR: 文件名$action：article
[ 2017-02-22T19:46:20+08:00 ] ERR: 文件名$module：Home/sd
[ 2017-02-22T19:46:40+08:00 ] ERR: 文件名$path：Array
[ 2017-02-22T19:46:40+08:00 ] ERR: 文件名$action：article
[ 2017-02-22T19:46:40+08:00 ] ERR: 文件名$module：Home/tmj
[ 2017-02-22T19:47:00+08:00 ] ERR: 文件名$path：Array
[ 2017-02-22T19:47:00+08:00 ] ERR: 文件名$action：article
[ 2017-02-22T19:47:00+08:00 ] ERR: 文件名$module：Home/ttxy
[ 2017-02-22T19:47:20+08:00 ] ERR: 文件名$path：Array
[ 2017-02-22T19:47:20+08:00 ] ERR: 文件名$action：article
[ 2017-02-22T19:47:20+08:00 ] ERR: 文件名$module：Home/sd
[ 2017-02-22T19:47:40+08:00 ] ERR: 文件名$path：Array
[ 2017-02-22T19:47:40+08:00 ] ERR: 文件名$action：article
[ 2017-02-22T19:47:40+08:00 ] ERR: 文件名$module：Home/hxmt
[ 2017-02-22T19:48:00+08:00 ] ERR: 文件名$path：Array
[ 2017-02-22T19:48:00+08:00 ] ERR: 文件名$action：article
[ 2017-02-22T19:48:00+08:00 ] ERR: 文件名$module：Home/sd
[ 2017-02-22T19:48:20+08:00 ] ERR: 文件名$path：Array
[ 2017-02-22T19:48:20+08:00 ] ERR: 文件名$action：gonglve
[ 2017-02-22T19:48:20+08:00 ] ERR: 文件名$module：Home/hxmt
[ 2017-02-22T19:48:40+08:00 ] ERR: 文件名$path：Array
[ 2017-02-22T19:48:40+08:00 ] ERR: 文件名$action：article
[ 2017-02-22T19:48:40+08:00 ] ERR: 文件名$module：Home/sd
[ 2017-02-22T19:49:00+08:00 ] ERR: 文件名$path：Array
[ 2017-02-22T19:49:00+08:00 ] ERR: 文件名$action：article
[ 2017-02-22T19:49:00+08:00 ] ERR: 文件名$module：Home/hxmt
[ 2017-02-22T19:49:20+08:00 ] ERR: 文件名$path：Array
[ 2017-02-22T19:49:20+08:00 ] ERR: 文件名$action：article
[ 2017-02-22T19:49:20+08:00 ] ERR: 文件名$module：Home/sd
[ 2017-02-22T19:49:40+08:00 ] ERR: 文件名$path：Array
[ 2017-02-22T19:49:40+08:00 ] ERR: 文件名$action：article
[ 2017-02-22T19:49:40+08:00 ] ERR: 文件名$module：Home/zz
[ 2017-02-22T19:50:01+08:00 ] ERR: 文件名$path：Array
[ 2017-02-22T19:50:01+08:00 ] ERR: 文件名$action：article
[ 2017-02-22T19:50:01+08:00 ] ERR: 文件名$module：Home/sd
[ 2017-02-22T19:50:21+08:00 ] ERR: 文件名$path：Array
[ 2017-02-22T19:50:21+08:00 ] ERR: 文件名$action：article
[ 2017-02-22T19:50:21+08:00 ] ERR: 文件名$module：Home/zz
[ 2017-02-22T19:50:41+08:00 ] ERR: 文件名$path：Array
[ 2017-02-22T19:50:41+08:00 ] ERR: 文件名$action：article
[ 2017-02-22T19:50:41+08:00 ] ERR: 文件名$module：Home/zz
[ 2017-02-22T19:50:49+08:00 ] ERR: 文件名$path：Array
[ 2017-02-22T19:50:49+08:00 ] ERR: 文件名$action：article
[ 2017-02-22T19:50:49+08:00 ] ERR: 文件名$module：Home/hongsezt
[ 2017-02-22T19:51:01+08:00 ] ERR: 文件名$path：Array
[ 2017-02-22T19:51:01+08:00 ] ERR: 文件名$action：server_list
[ 2017-02-22T19:51:01+08:00 ] ERR: 文件名$module：Home/zz
[ 2017-02-22T19:51:22+08:00 ] ERR: 文件名$path：Array
[ 2017-02-22T19:51:22+08:00 ] ERR: 文件名$action：article
[ 2017-02-22T19:51:22+08:00 ] ERR: 文件名$module：Home/zz
[ 2017-02-22T19:51:43+08:00 ] ERR: 文件名$path：Array
[ 2017-02-22T19:51:43+08:00 ] ERR: 文件名$action：article
[ 2017-02-22T19:51:43+08:00 ] ERR: 文件名$module：Home/zz
[ 2017-02-22T19:51:47+08:00 ] ERR: 文件名$path：Array
[ 2017-02-22T19:51:47+08:00 ] ERR: 文件名$action：article
[ 2017-02-22T19:51:47+08:00 ] ERR: 文件名$module：Home/ds
[ 2017-02-22T19:51:53+08:00 ] ERR: 文件名$path：Array
[ 2017-02-22T19:51:53+08:00 ] ERR: 文件名$action：article
[ 2017-02-22T19:51:53+08:00 ] ERR: 文件名$module：Home/fbdl
[ 2017-02-22T19:52:05+08:00 ] ERR: 文件名$path：Array
[ 2017-02-22T19:52:05+08:00 ] ERR: 文件名$action：article
[ 2017-02-22T19:52:05+08:00 ] ERR: 文件名$module：Home/zz
[ 2017-02-22T19:52:26+08:00 ] ERR: 文件名$path：Array
[ 2017-02-22T19:52:26+08:00 ] ERR: 文件名$action：article
[ 2017-02-22T19:52:26+08:00 ] ERR: 文件名$module：Home/zz
[ 2017-02-22T19:52:48+08:00 ] ERR: 文件名$path：Array
[ 2017-02-22T19:52:48+08:00 ] ERR: 文件名$action：article
[ 2017-02-22T19:52:48+08:00 ] ERR: 文件名$module：Home/zz
[ 2017-02-22T19:53:11+08:00 ] ERR: 文件名$path：Array
[ 2017-02-22T19:53:11+08:00 ] ERR: 文件名$action：article
[ 2017-02-22T19:53:11+08:00 ] ERR: 文件名$module：Home/zz
[ 2017-02-22T19:53:13+08:00 ] ERR: 文件名$path：Array
[ 2017-02-22T19:53:13+08:00 ] ERR: 文件名$action：article
[ 2017-02-22T19:53:13+08:00 ] ERR: 文件名$module：Home/hongsezt
[ 2017-02-22T19:53:30+08:00 ] ERR: 文件名$path：Array
[ 2017-02-22T19:53:30+08:00 ] ERR: 文件名$action：article
[ 2017-02-22T19:53:30+08:00 ] ERR: 文件名$module：Home/hongsezt
[ 2017-02-22T19:53:33+08:00 ] ERR: 文件名$path：Array
[ 2017-02-22T19:53:33+08:00 ] ERR: 文件名$action：article
[ 2017-02-22T19:53:33+08:00 ] ERR: 文件名$module：Home/zz
[ 2017-02-22T19:53:54+08:00 ] ERR: 文件名$path：Array
[ 2017-02-22T19:53:54+08:00 ] ERR: 文件名$action：article
[ 2017-02-22T19:53:54+08:00 ] ERR: 文件名$module：Home/zz
[ 2017-02-22T19:54:17+08:00 ] ERR: 文件名$path：Array
[ 2017-02-22T19:54:17+08:00 ] ERR: 文件名$action：article
[ 2017-02-22T19:54:17+08:00 ] ERR: 文件名$module：Home/zz
[ 2017-02-22T19:54:38+08:00 ] ERR: 文件名$path：Array
[ 2017-02-22T19:54:38+08:00 ] ERR: 文件名$action：article
[ 2017-02-22T19:54:38+08:00 ] ERR: 文件名$module：Home/zz
[ 2017-02-22T19:55:05+08:00 ] ERR: 文件名$path：Array
[ 2017-02-22T19:55:05+08:00 ] ERR: 文件名$action：article
[ 2017-02-22T19:55:05+08:00 ] ERR: 文件名$module：Home/zz
[ 2017-02-22T19:55:40+08:00 ] ERR: 文件名$path：Array
[ 2017-02-22T19:55:40+08:00 ] ERR: 文件名$action：article
[ 2017-02-22T19:55:40+08:00 ] ERR: 文件名$module：Home/zz
[ 2017-02-22T19:56:03+08:00 ] ERR: 文件名$path：Array
[ 2017-02-22T19:56:03+08:00 ] ERR: 文件名$action：ziliao
[ 2017-02-22T19:56:03+08:00 ] ERR: 文件名$module：Home/zz
[ 2017-02-22T20:05:24+08:00 ] ERR: 文件名$path：Array
[ 2017-02-22T20:05:24+08:00 ] ERR: 文件名$action：index
[ 2017-02-22T20:05:24+08:00 ] ERR: 文件名$module：Home/fyws
[ 2017-02-22T20:07:22+08:00 ] ERR: 文件名$path：Array
[ 2017-02-22T20:07:22+08:00 ] ERR: 文件名$action：index
[ 2017-02-22T20:07:22+08:00 ] ERR: 文件名$module：Home/rxjhz
[ 2017-02-22T20:07:40+08:00 ] ERR: 文件名$path：Array
[ 2017-02-22T20:07:40+08:00 ] ERR: 文件名$action：article
[ 2017-02-22T20:07:40+08:00 ] ERR: 文件名$module：Home/tmld
[ 2017-02-22T20:07:40+08:00 ] ERR: 文件名$path：Array
[ 2017-02-22T20:07:40+08:00 ] ERR: 文件名$action：article
[ 2017-02-22T20:07:40+08:00 ] ERR: 文件名$module：Home/tmld
[ 2017-02-22T20:08:12+08:00 ] ERR: 文件名$path：Array
[ 2017-02-22T20:08:12+08:00 ] ERR: 文件名$action：index
[ 2017-02-22T20:08:12+08:00 ] ERR: 文件名$module：Home/zz
[ 2017-02-22T20:08:34+08:00 ] ERR: 文件名$path：Array
[ 2017-02-22T20:08:34+08:00 ] ERR: 文件名$action：article
[ 2017-02-22T20:08:34+08:00 ] ERR: 文件名$module：Home/ttxy
[ 2017-02-22T20:11:39+08:00 ] ERR: 文件名$path：Array
[ 2017-02-22T20:11:39+08:00 ] ERR: 文件名$action：article
[ 2017-02-22T20:11:39+08:00 ] ERR: 文件名$module：Home/jxqy
[ 2017-02-22T20:13:11+08:00 ] ERR: 文件名$path：Array
[ 2017-02-22T20:13:11+08:00 ] ERR: 文件名$action：article
[ 2017-02-22T20:13:11+08:00 ] ERR: 文件名$module：Home/sgl
[ 2017-02-22T20:16:14+08:00 ] ERR: 文件名$path：Array
[ 2017-02-22T20:16:14+08:00 ] ERR: 文件名$action：index
[ 2017-02-22T20:16:14+08:00 ] ERR: 文件名$module：Home/zz
[ 2017-02-22T20:17:52+08:00 ] ERR: 文件名$path：Array
[ 2017-02-22T20:17:52+08:00 ] ERR: 文件名$action：index
[ 2017-02-22T20:17:52+08:00 ] ERR: 文件名$module：Home/jxqy
[ 2017-02-22T20:18:34+08:00 ] ERR: 文件名$path：Array
[ 2017-02-22T20:18:34+08:00 ] ERR: 文件名$action：index
[ 2017-02-22T20:18:34+08:00 ] ERR: 文件名$module：Home/fyws
[ 2017-02-22T20:18:51+08:00 ] ERR: 文件名$path：Array
[ 2017-02-22T20:18:51+08:00 ] ERR: 文件名$action：server_list
[ 2017-02-22T20:18:51+08:00 ] ERR: 文件名$module：Home/fyws
[ 2017-02-22T20:19:57+08:00 ] ERR: 文件名$path：Array
[ 2017-02-22T20:19:57+08:00 ] ERR: 文件名$action：index
[ 2017-02-22T20:19:57+08:00 ] ERR: 文件名$module：Home/fyws
[ 2017-02-22T20:20:13+08:00 ] ERR: 文件名$path：Array
[ 2017-02-22T20:20:13+08:00 ] ERR: 文件名$action：server_list
[ 2017-02-22T20:20:13+08:00 ] ERR: 文件名$module：Home/fyws
[ 2017-02-22T20:24:13+08:00 ] ERR: 文件名$path：Array
[ 2017-02-22T20:24:13+08:00 ] ERR: 文件名$action：index
[ 2017-02-22T20:24:13+08:00 ] ERR: 文件名$module：Home/zz
[ 2017-02-22T20:25:34+08:00 ] ERR: 文件名$path：Array
[ 2017-02-22T20:25:34+08:00 ] ERR: 文件名$action：index
[ 2017-02-22T20:25:34+08:00 ] ERR: 文件名$module：Home/xtj
[ 2017-02-22T20:27:46+08:00 ] ERR: 文件名$path：Array
[ 2017-02-22T20:27:46+08:00 ] ERR: 文件名$action：index
[ 2017-02-22T20:27:46+08:00 ] ERR: 文件名$module：Home/ttxy
[ 2017-02-22T20:28:45+08:00 ] ERR: 文件名$path：Array
[ 2017-02-22T20:28:45+08:00 ] ERR: 文件名$action：news
[ 2017-02-22T20:28:45+08:00 ] ERR: 文件名$module：Home/ttxy
[ 2017-02-22T20:28:54+08:00 ] ERR: 文件名$path：Array
[ 2017-02-22T20:28:54+08:00 ] ERR: 文件名$action：news
[ 2017-02-22T20:28:54+08:00 ] ERR: 文件名$module：Home/ttxy
[ 2017-02-22T20:28:57+08:00 ] ERR: 文件名$path：Array
[ 2017-02-22T20:28:57+08:00 ] ERR: 文件名$action：article
[ 2017-02-22T20:28:57+08:00 ] ERR: 文件名$module：Home/ttxy
[ 2017-02-22T20:29:03+08:00 ] ERR: 文件名$path：Array
[ 2017-02-22T20:29:03+08:00 ] ERR: 文件名$action：news
[ 2017-02-22T20:29:03+08:00 ] ERR: 文件名$module：Home/ttxy
[ 2017-02-22T20:29:06+08:00 ] ERR: 文件名$path：Array
[ 2017-02-22T20:29:06+08:00 ] ERR: 文件名$action：article
[ 2017-02-22T20:29:06+08:00 ] ERR: 文件名$module：Home/ttxy
[ 2017-02-22T20:29:12+08:00 ] ERR: 文件名$path：Array
[ 2017-02-22T20:29:12+08:00 ] ERR: 文件名$action：article
[ 2017-02-22T20:29:12+08:00 ] ERR: 文件名$module：Home/ttxy
[ 2017-02-22T20:29:43+08:00 ] ERR: 文件名$path：Array
[ 2017-02-22T20:29:43+08:00 ] ERR: 文件名$action：index
[ 2017-02-22T20:29:43+08:00 ] ERR: 文件名$module：Home/ttxy
[ 2017-02-22T20:29:52+08:00 ] ERR: 文件名$path：Array
[ 2017-02-22T20:29:52+08:00 ] ERR: 文件名$action：article
[ 2017-02-22T20:29:52+08:00 ] ERR: 文件名$module：Home/ttxy
[ 2017-02-22T20:30:04+08:00 ] ERR: 文件名$path：Array
[ 2017-02-22T20:30:04+08:00 ] ERR: 文件名$action：article
[ 2017-02-22T20:30:04+08:00 ] ERR: 文件名$module：Home/ttxy
[ 2017-02-22T20:30:25+08:00 ] ERR: 文件名$path：Array
[ 2017-02-22T20:30:25+08:00 ] ERR: 文件名$action：article
[ 2017-02-22T20:30:25+08:00 ] ERR: 文件名$module：Home/ttxy
[ 2017-02-22T20:30:29+08:00 ] ERR: 文件名$path：Array
[ 2017-02-22T20:30:29+08:00 ] ERR: 文件名$action：article
[ 2017-02-22T20:30:29+08:00 ] ERR: 文件名$module：Home/ttxy
[ 2017-02-22T20:30:38+08:00 ] ERR: 文件名$path：Array
[ 2017-02-22T20:30:38+08:00 ] ERR: 文件名$action：article
[ 2017-02-22T20:30:38+08:00 ] ERR: 文件名$module：Home/ttxy
[ 2017-02-22T20:30:40+08:00 ] ERR: 文件名$path：Array
[ 2017-02-22T20:30:40+08:00 ] ERR: 文件名$action：article
[ 2017-02-22T20:30:40+08:00 ] ERR: 文件名$module：Home/ttxy
[ 2017-02-22T20:30:51+08:00 ] ERR: 文件名$path：Array
[ 2017-02-22T20:30:51+08:00 ] ERR: 文件名$action：article
[ 2017-02-22T20:30:51+08:00 ] ERR: 文件名$module：Home/ttxy
[ 2017-02-22T20:30:52+08:00 ] ERR: 文件名$path：Array
[ 2017-02-22T20:30:52+08:00 ] ERR: 文件名$action：article
[ 2017-02-22T20:30:52+08:00 ] ERR: 文件名$module：Home/ttxy
[ 2017-02-22T20:30:56+08:00 ] ERR: 文件名$path：Array
[ 2017-02-22T20:30:56+08:00 ] ERR: 文件名$action：article
[ 2017-02-22T20:30:56+08:00 ] ERR: 文件名$module：Home/ttxy
[ 2017-02-22T20:30:57+08:00 ] ERR: 文件名$path：Array
[ 2017-02-22T20:30:57+08:00 ] ERR: 文件名$action：article
[ 2017-02-22T20:30:57+08:00 ] ERR: 文件名$module：Home/ttxy
[ 2017-02-22T20:31:00+08:00 ] ERR: 文件名$path：Array
[ 2017-02-22T20:31:00+08:00 ] ERR: 文件名$action：article
[ 2017-02-22T20:31:00+08:00 ] ERR: 文件名$module：Home/ttxy
[ 2017-02-22T20:31:02+08:00 ] ERR: 文件名$path：Array
[ 2017-02-22T20:31:02+08:00 ] ERR: 文件名$action：article
[ 2017-02-22T20:31:02+08:00 ] ERR: 文件名$module：Home/ttxy
[ 2017-02-22T20:31:05+08:00 ] ERR: 文件名$path：Array
[ 2017-02-22T20:31:05+08:00 ] ERR: 文件名$action：article
[ 2017-02-22T20:31:05+08:00 ] ERR: 文件名$module：Home/ttxy
[ 2017-02-22T20:31:10+08:00 ] ERR: 文件名$path：Array
[ 2017-02-22T20:31:10+08:00 ] ERR: 文件名$action：article
[ 2017-02-22T20:31:10+08:00 ] ERR: 文件名$module：Home/ttxy
[ 2017-02-22T20:31:33+08:00 ] ERR: 文件名$path：Array
[ 2017-02-22T20:31:33+08:00 ] ERR: 文件名$action：news
[ 2017-02-22T20:31:33+08:00 ] ERR: 文件名$module：Home/ttxy
[ 2017-02-22T20:31:42+08:00 ] ERR: 文件名$path：Array
[ 2017-02-22T20:31:42+08:00 ] ERR: 文件名$action：news
[ 2017-02-22T20:31:42+08:00 ] ERR: 文件名$module：Home/ttxy
[ 2017-02-22T20:31:44+08:00 ] ERR: 文件名$path：Array
[ 2017-02-22T20:31:44+08:00 ] ERR: 文件名$action：index
[ 2017-02-22T20:31:44+08:00 ] ERR: 文件名$module：Home/ttxy
[ 2017-02-22T20:31:47+08:00 ] ERR: 文件名$path：Array
[ 2017-02-22T20:31:47+08:00 ] ERR: 文件名$action：news
[ 2017-02-22T20:31:47+08:00 ] ERR: 文件名$module：Home/ttxy
[ 2017-02-22T20:31:54+08:00 ] ERR: 文件名$path：Array
[ 2017-02-22T20:31:54+08:00 ] ERR: 文件名$action：article
[ 2017-02-22T20:31:54+08:00 ] ERR: 文件名$module：Home/ttxy
[ 2017-02-22T20:31:57+08:00 ] ERR: 文件名$path：Array
[ 2017-02-22T20:31:57+08:00 ] ERR: 文件名$action：news
[ 2017-02-22T20:31:57+08:00 ] ERR: 文件名$module：Home/ttxy
[ 2017-02-22T20:32:13+08:00 ] ERR: 文件名$path：Array
[ 2017-02-22T20:32:13+08:00 ] ERR: 文件名$action：index
[ 2017-02-22T20:32:13+08:00 ] ERR: 文件名$module：Home/zz
[ 2017-02-22T20:32:24+08:00 ] ERR: 文件名$path：Array
[ 2017-02-22T20:32:24+08:00 ] ERR: 文件名$action：news
[ 2017-02-22T20:32:24+08:00 ] ERR: 文件名$module：Home/ttxy
[ 2017-02-22T20:32:29+08:00 ] ERR: 文件名$path：Array
[ 2017-02-22T20:32:29+08:00 ] ERR: 文件名$action：news
[ 2017-02-22T20:32:29+08:00 ] ERR: 文件名$module：Home/ttxy
[ 2017-02-22T20:32:35+08:00 ] ERR: 文件名$path：Array
[ 2017-02-22T20:32:35+08:00 ] ERR: 文件名$action：article
[ 2017-02-22T20:32:35+08:00 ] ERR: 文件名$module：Home/ttxy
[ 2017-02-22T20:35:50+08:00 ] ERR: 文件名$path：Array
[ 2017-02-22T20:35:50+08:00 ] ERR: 文件名$action：index
[ 2017-02-22T20:35:50+08:00 ] ERR: 文件名$module：Home/hongsezt
[ 2017-02-22T20:40:14+08:00 ] ERR: 文件名$path：Array
[ 2017-02-22T20:40:14+08:00 ] ERR: 文件名$action：index
[ 2017-02-22T20:40:14+08:00 ] ERR: 文件名$module：Cpl
[ 2017-02-22T20:40:16+08:00 ] ERR: 文件名$path：Array
[ 2017-02-22T20:40:16+08:00 ] ERR: 文件名$action：index
[ 2017-02-22T20:40:16+08:00 ] ERR: 文件名$module：Home/zz
[ 2017-02-22T20:40:46+08:00 ] ERR: 文件名$path：Array
[ 2017-02-22T20:40:46+08:00 ] ERR: 文件名$action：gonglve
[ 2017-02-22T20:40:46+08:00 ] ERR: 文件名$module：Home/jyjh
[ 2017-02-22T20:44:14+08:00 ] ERR: 文件名$path：Array
[ 2017-02-22T20:44:14+08:00 ] ERR: 文件名$action：index
[ 2017-02-22T20:44:14+08:00 ] ERR: 文件名$module：Home/zz
[ 2017-02-22T20:45:22+08:00 ] ERR: 文件名$path：Array
[ 2017-02-22T20:45:22+08:00 ] ERR: 文件名$action：index
[ 2017-02-22T20:45:22+08:00 ] ERR: 文件名$module：Home/hongsezt
[ 2017-02-22T20:46:18+08:00 ] ERR: 文件名$path：Array
[ 2017-02-22T20:46:18+08:00 ] ERR: 文件名$action：index
[ 2017-02-22T20:46:18+08:00 ] ERR: 文件名$module：Home/jyjh
[ 2017-02-22T20:47:03+08:00 ] ERR: 文件名$path：Array
[ 2017-02-22T20:47:03+08:00 ] ERR: 文件名$action：article
[ 2017-02-22T20:47:03+08:00 ] ERR: 文件名$module：Home/jyjh
[ 2017-02-22T20:47:07+08:00 ] ERR: 文件名$path：Array
[ 2017-02-22T20:47:07+08:00 ] ERR: 文件名$action：index
[ 2017-02-22T20:47:07+08:00 ] ERR: 文件名$module：Home/ddzb
[ 2017-02-22T20:47:26+08:00 ] ERR: 文件名$path：Array
[ 2017-02-22T20:47:26+08:00 ] ERR: 文件名$action：index
[ 2017-02-22T20:47:26+08:00 ] ERR: 文件名$module：Home/jyjh
[ 2017-02-22T20:47:32+08:00 ] ERR: 文件名$path：Array
[ 2017-02-22T20:47:32+08:00 ] ERR: 文件名$action：article
[ 2017-02-22T20:47:32+08:00 ] ERR: 文件名$module：Home/jyjh
[ 2017-02-22T20:47:43+08:00 ] ERR: 文件名$path：Array
[ 2017-02-22T20:47:43+08:00 ] ERR: 文件名$action：article
[ 2017-02-22T20:47:43+08:00 ] ERR: 文件名$module：Home/jyjh
[ 2017-02-22T20:47:53+08:00 ] ERR: 文件名$path：Array
[ 2017-02-22T20:47:53+08:00 ] ERR: 文件名$action：article
[ 2017-02-22T20:47:53+08:00 ] ERR: 文件名$module：Home/jyjh
[ 2017-02-22T20:48:00+08:00 ] ERR: 文件名$path：Array
[ 2017-02-22T20:48:00+08:00 ] ERR: 文件名$action：article
[ 2017-02-22T20:48:00+08:00 ] ERR: 文件名$module：Home/jyjh
[ 2017-02-22T20:48:13+08:00 ] ERR: 文件名$path：Array
[ 2017-02-22T20:48:13+08:00 ] ERR: 文件名$action：index
[ 2017-02-22T20:48:13+08:00 ] ERR: 文件名$module：Home/zz
[ 2017-02-22T20:52:13+08:00 ] ERR: 文件名$path：Array
[ 2017-02-22T20:52:13+08:00 ] ERR: 文件名$action：index
[ 2017-02-22T20:52:13+08:00 ] ERR: 文件名$module：Home/zz
[ 2017-02-22T20:54:42+08:00 ] ERR: 文件名$path：Array
[ 2017-02-22T20:54:42+08:00 ] ERR: 文件名$action：article
[ 2017-02-22T20:54:42+08:00 ] ERR: 文件名$module：Home/zz
[ 2017-02-22T20:56:12+08:00 ] ERR: 文件名$path：Array
[ 2017-02-22T20:56:12+08:00 ] ERR: 文件名$action：index
[ 2017-02-22T20:56:12+08:00 ] ERR: 文件名$module：Home/zz
[ 2017-02-22T20:56:16+08:00 ] ERR: 文件名$path：Array
[ 2017-02-22T20:56:16+08:00 ] ERR: 文件名$action：index
[ 2017-02-22T20:56:16+08:00 ] ERR: 文件名$module：Home/ttxy
[ 2017-02-22T20:56:27+08:00 ] ERR: 文件名$path：Array
[ 2017-02-22T20:56:27+08:00 ] ERR: 文件名$action：news
[ 2017-02-22T20:56:27+08:00 ] ERR: 文件名$module：Home/ttxy
[ 2017-02-22T20:56:35+08:00 ] ERR: 文件名$path：Array
[ 2017-02-22T20:56:35+08:00 ] ERR: 文件名$action：news
[ 2017-02-22T20:56:35+08:00 ] ERR: 文件名$module：Home/ttxy
[ 2017-02-22T20:56:41+08:00 ] ERR: 文件名$path：Array
[ 2017-02-22T20:56:41+08:00 ] ERR: 文件名$action：news
[ 2017-02-22T20:56:41+08:00 ] ERR: 文件名$module：Home/ttxy
[ 2017-02-22T20:56:51+08:00 ] ERR: 文件名$path：Array
[ 2017-02-22T20:56:51+08:00 ] ERR: 文件名$action：index
[ 2017-02-22T20:56:51+08:00 ] ERR: 文件名$module：Home/ttxy
[ 2017-02-22T20:57:06+08:00 ] ERR: 文件名$path：Array
[ 2017-02-22T20:57:06+08:00 ] ERR: 文件名$action：news
[ 2017-02-22T20:57:06+08:00 ] ERR: 文件名$module：Home/ttxy
[ 2017-02-22T21:00:42+08:00 ] ERR: 文件名$path：Array
[ 2017-02-22T21:00:42+08:00 ] ERR: 文件名$action：index
[ 2017-02-22T21:00:42+08:00 ] ERR: 文件名$module：Home/xjwy
[ 2017-02-22T21:01:22+08:00 ] ERR: 文件名$path：Array
[ 2017-02-22T21:01:22+08:00 ] ERR: 文件名$action：article
[ 2017-02-22T21:01:22+08:00 ] ERR: 文件名$module：Home/hongsezt
[ 2017-02-22T21:02:24+08:00 ] ERR: 文件名$path：Array
[ 2017-02-22T21:02:24+08:00 ] ERR: 文件名$action：index
[ 2017-02-22T21:02:24+08:00 ] ERR: 文件名$module：Home/ttxy
[ 2017-02-22T21:02:32+08:00 ] ERR: 文件名$path：Array
[ 2017-02-22T21:02:32+08:00 ] ERR: 文件名$action：index
[ 2017-02-22T21:02:32+08:00 ] ERR: 文件名$module：Home/zz
[ 2017-02-22T21:05:53+08:00 ] ERR: 文件名$path：Array
[ 2017-02-22T21:05:53+08:00 ] ERR: 文件名$action：article
[ 2017-02-22T21:05:53+08:00 ] ERR: 文件名$module：Home/ttxy
[ 2017-02-22T21:10:32+08:00 ] ERR: 文件名$path：Array
[ 2017-02-22T21:10:32+08:00 ] ERR: 文件名$action：index
[ 2017-02-22T21:10:32+08:00 ] ERR: 文件名$module：Home/zz
[ 2017-02-22T21:14:31+08:00 ] ERR: 文件名$path：Array
[ 2017-02-22T21:14:31+08:00 ] ERR: 文件名$action：index
[ 2017-02-22T21:14:31+08:00 ] ERR: 文件名$module：Home/zz
[ 2017-02-22T21:16:12+08:00 ] ERR: 文件名$path：Array
[ 2017-02-22T21:16:12+08:00 ] ERR: 文件名$action：article
[ 2017-02-22T21:16:12+08:00 ] ERR: 文件名$module：Home/ds
[ 2017-02-22T21:18:32+08:00 ] ERR: 文件名$path：Array
[ 2017-02-22T21:18:32+08:00 ] ERR: 文件名$action：index
[ 2017-02-22T21:18:32+08:00 ] ERR: 文件名$module：Home/zz
[ 2017-02-22T21:19:14+08:00 ] ERR: 文件名$path：Array
[ 2017-02-22T21:19:14+08:00 ] ERR: 文件名$action：article
[ 2017-02-22T21:19:14+08:00 ] ERR: 文件名$module：Home/fbdl
[ 2017-02-22T21:22:32+08:00 ] ERR: 文件名$path：Array
[ 2017-02-22T21:22:32+08:00 ] ERR: 文件名$action：index
[ 2017-02-22T21:22:32+08:00 ] ERR: 文件名$module：Home/zz
[ 2017-02-22T21:26:32+08:00 ] ERR: 文件名$path：Array
[ 2017-02-22T21:26:32+08:00 ] ERR: 文件名$action：index
[ 2017-02-22T21:26:32+08:00 ] ERR: 文件名$module：Home/zz
[ 2017-02-22T21:27:51+08:00 ] ERR: 文件名$path：Array
[ 2017-02-22T21:27:51+08:00 ] ERR: 文件名$action：index
[ 2017-02-22T21:27:51+08:00 ] ERR: 文件名$module：Home/czzzt
[ 2017-02-22T21:30:34+08:00 ] ERR: 文件名$path：Array
[ 2017-02-22T21:30:34+08:00 ] ERR: 文件名$action：index
[ 2017-02-22T21:30:34+08:00 ] ERR: 文件名$module：Home/zz
[ 2017-02-22T21:30:46+08:00 ] ERR: 文件名$path：Array
[ 2017-02-22T21:30:46+08:00 ] ERR: 文件名$action：article
[ 2017-02-22T21:30:46+08:00 ] ERR: 文件名$module：Home/dzs
[ 2017-02-22T21:33:27+08:00 ] ERR: 文件名$path：Array
[ 2017-02-22T21:33:27+08:00 ] ERR: 文件名$action：index
[ 2017-02-22T21:33:27+08:00 ] ERR: 文件名$module：Home/jyjh
[ 2017-02-22T21:33:43+08:00 ] ERR: 文件名$path：Array
[ 2017-02-22T21:33:43+08:00 ] ERR: 文件名$action：index
[ 2017-02-22T21:33:43+08:00 ] ERR: 文件名$module：Home/jyjh
[ 2017-02-22T21:33:51+08:00 ] ERR: 文件名$path：Array
[ 2017-02-22T21:33:51+08:00 ] ERR: 文件名$action：article
[ 2017-02-22T21:33:51+08:00 ] ERR: 文件名$module：Home/jyjh
[ 2017-02-22T21:34:32+08:00 ] ERR: 文件名$path：Array
[ 2017-02-22T21:34:32+08:00 ] ERR: 文件名$action：index
[ 2017-02-22T21:34:32+08:00 ] ERR: 文件名$module：Home/zz
[ 2017-02-22T21:35:00+08:00 ] ERR: 文件名$path：Array
[ 2017-02-22T21:35:00+08:00 ] ERR: 文件名$action：article
[ 2017-02-22T21:35:00+08:00 ] ERR: 文件名$module：Home/jyjh
[ 2017-02-22T21:35:15+08:00 ] ERR: 文件名$path：Array
[ 2017-02-22T21:35:15+08:00 ] ERR: 文件名$action：article
[ 2017-02-22T21:35:15+08:00 ] ERR: 文件名$module：Home/jyjh
[ 2017-02-22T21:35:24+08:00 ] ERR: 文件名$path：Array
[ 2017-02-22T21:35:24+08:00 ] ERR: 文件名$action：article
[ 2017-02-22T21:35:24+08:00 ] ERR: 文件名$module：Home/jyjh
[ 2017-02-22T21:35:48+08:00 ] ERR: 文件名$path：Array
[ 2017-02-22T21:35:48+08:00 ] ERR: 文件名$action：index
[ 2017-02-22T21:35:48+08:00 ] ERR: 文件名$module：Home/jyjh
[ 2017-02-22T21:38:31+08:00 ] ERR: 文件名$path：Array
[ 2017-02-22T21:38:31+08:00 ] ERR: 文件名$action：index
[ 2017-02-22T21:38:31+08:00 ] ERR: 文件名$module：Home/zz
[ 2017-02-22T21:42:36+08:00 ] ERR: 文件名$path：Array
[ 2017-02-22T21:42:36+08:00 ] ERR: 文件名$action：index
[ 2017-02-22T21:42:36+08:00 ] ERR: 文件名$module：Home/zz
[ 2017-02-22T21:44:50+08:00 ] ERR: 文件名$path：Array
[ 2017-02-22T21:44:50+08:00 ] ERR: 文件名$action：index
[ 2017-02-22T21:44:50+08:00 ] ERR: 文件名$module：Home/bfx
[ 2017-02-22T21:45:44+08:00 ] ERR: 文件名$path：Array
[ 2017-02-22T21:45:44+08:00 ] ERR: 文件名$action：server_list
[ 2017-02-22T21:45:44+08:00 ] ERR: 文件名$module：Home/czzzt
[ 2017-02-22T21:45:54+08:00 ] ERR: 文件名$path：Array
[ 2017-02-22T21:45:54+08:00 ] ERR: 文件名$action：article
[ 2017-02-22T21:45:54+08:00 ] ERR: 文件名$module：Home/jyjh
[ 2017-02-22T21:46:33+08:00 ] ERR: 文件名$path：Array
[ 2017-02-22T21:46:33+08:00 ] ERR: 文件名$action：index
[ 2017-02-22T21:46:33+08:00 ] ERR: 文件名$module：Home/zz
[ 2017-02-22T21:46:46+08:00 ] ERR: 文件名$path：Array
[ 2017-02-22T21:46:46+08:00 ] ERR: 文件名$action：index
[ 2017-02-22T21:46:46+08:00 ] ERR: 文件名$module：Home/ds
[ 2017-02-22T21:46:55+08:00 ] ERR: 文件名$path：Array
[ 2017-02-22T21:46:55+08:00 ] ERR: 文件名$action：server_list
[ 2017-02-22T21:46:55+08:00 ] ERR: 文件名$module：Home/ds
[ 2017-02-22T21:47:14+08:00 ] ERR: 文件名$path：Array
[ 2017-02-22T21:47:14+08:00 ] ERR: 文件名$action：index
[ 2017-02-22T21:47:14+08:00 ] ERR: 文件名$module：Home/fbdl
[ 2017-02-22T21:47:33+08:00 ] ERR: 文件名$path：Array
[ 2017-02-22T21:47:33+08:00 ] ERR: 文件名$action：article
[ 2017-02-22T21:47:33+08:00 ] ERR: 文件名$module：Home/fbdl
[ 2017-02-22T21:47:34+08:00 ] ERR: 文件名$path：Array
[ 2017-02-22T21:47:34+08:00 ] ERR: 文件名$action：server_list
[ 2017-02-22T21:47:34+08:00 ] ERR: 文件名$module：Home/xy
[ 2017-02-22T21:47:52+08:00 ] ERR: 文件名$path：Array
[ 2017-02-22T21:47:52+08:00 ] ERR: 文件名$action：news
[ 2017-02-22T21:47:52+08:00 ] ERR: 文件名$module：Home/fbdl
[ 2017-02-22T21:48:10+08:00 ] ERR: 文件名$path：Array
[ 2017-02-22T21:48:10+08:00 ] ERR: 文件名$action：article
[ 2017-02-22T21:48:10+08:00 ] ERR: 文件名$module：Home/fbdl
[ 2017-02-22T21:48:27+08:00 ] ERR: 文件名$path：Array
[ 2017-02-22T21:48:27+08:00 ] ERR: 文件名$action：article
[ 2017-02-22T21:48:27+08:00 ] ERR: 文件名$module：Home/fbdl
[ 2017-02-22T21:50:35+08:00 ] ERR: 文件名$path：Array
[ 2017-02-22T21:50:35+08:00 ] ERR: 文件名$action：index
[ 2017-02-22T21:50:35+08:00 ] ERR: 文件名$module：Home/zz
[ 2017-02-22T21:51:39+08:00 ] ERR: 文件名$path：Array
[ 2017-02-22T21:51:39+08:00 ] ERR: 文件名$action：gonglve
[ 2017-02-22T21:51:39+08:00 ] ERR: 文件名$module：Home/zz
[ 2017-02-22T21:52:02+08:00 ] ERR: 文件名$path：Array
[ 2017-02-22T21:52:02+08:00 ] ERR: 文件名$action：index
[ 2017-02-22T21:52:02+08:00 ] ERR: 文件名$module：Home/hxmt
[ 2017-02-22T21:52:29+08:00 ] ERR: 文件名$path：Array
[ 2017-02-22T21:52:29+08:00 ] ERR: 文件名$action：article
[ 2017-02-22T21:52:29+08:00 ] ERR: 文件名$module：Home/hxmt
[ 2017-02-22T21:52:38+08:00 ] ERR: 文件名$path：Array
[ 2017-02-22T21:52:38+08:00 ] ERR: 文件名$action：index
[ 2017-02-22T21:52:38+08:00 ] ERR: 文件名$module：Home/jxfml
[ 2017-02-22T21:52:55+08:00 ] ERR: 文件名$path：Array
[ 2017-02-22T21:52:55+08:00 ] ERR: 文件名$action：index
[ 2017-02-22T21:52:55+08:00 ] ERR: 文件名$module：Home/tmld
[ 2017-02-22T21:53:06+08:00 ] ERR: 文件名$path：Array
[ 2017-02-22T21:53:06+08:00 ] ERR: 文件名$action：server_list
[ 2017-02-22T21:53:06+08:00 ] ERR: 文件名$module：Home/tmld
[ 2017-02-22T21:54:03+08:00 ] ERR: 文件名$path：Array
[ 2017-02-22T21:54:03+08:00 ] ERR: 文件名$action：server_list
[ 2017-02-22T21:54:03+08:00 ] ERR: 文件名$module：Home/ds
[ 2017-02-22T21:54:12+08:00 ] ERR: 文件名$path：Array
[ 2017-02-22T21:54:12+08:00 ] ERR: 文件名$action：article
[ 2017-02-22T21:54:12+08:00 ] ERR: 文件名$module：Home/xtj
[ 2017-02-22T21:54:34+08:00 ] ERR: 文件名$path：Array
[ 2017-02-22T21:54:34+08:00 ] ERR: 文件名$action：index
[ 2017-02-22T21:54:34+08:00 ] ERR: 文件名$module：Home/jyjh
[ 2017-02-22T21:54:34+08:00 ] ERR: 文件名$path：Array
[ 2017-02-22T21:54:34+08:00 ] ERR: 文件名$action：index
[ 2017-02-22T21:54:34+08:00 ] ERR: 文件名$module：Home/zz
[ 2017-02-22T21:55:12+08:00 ] ERR: 文件名$path：Array
[ 2017-02-22T21:55:12+08:00 ] ERR: 文件名$action：index
[ 2017-02-22T21:55:12+08:00 ] ERR: 文件名$module：Home/jyjh
[ 2017-02-22T21:55:14+08:00 ] ERR: 文件名$path：Array
[ 2017-02-22T21:55:14+08:00 ] ERR: 文件名$action：article
[ 2017-02-22T21:55:14+08:00 ] ERR: 文件名$module：Home/jyjh
[ 2017-02-22T21:55:24+08:00 ] ERR: 文件名$path：Array
[ 2017-02-22T21:55:24+08:00 ] ERR: 文件名$action：index
[ 2017-02-22T21:55:24+08:00 ] ERR: 文件名$module：Home/jyjh
[ 2017-02-22T21:55:37+08:00 ] ERR: 文件名$path：Array
[ 2017-02-22T21:55:37+08:00 ] ERR: 文件名$action：index
[ 2017-02-22T21:55:37+08:00 ] ERR: 文件名$module：Home/jyjh
[ 2017-02-22T21:58:31+08:00 ] ERR: 文件名$path：Array
[ 2017-02-22T21:58:31+08:00 ] ERR: 文件名$action：index
[ 2017-02-22T21:58:31+08:00 ] ERR: 文件名$module：Home/zz
[ 2017-02-22T21:59:27+08:00 ] ERR: 文件名$path：Array
[ 2017-02-22T21:59:27+08:00 ] ERR: 文件名$action：article
[ 2017-02-22T21:59:27+08:00 ] ERR: 文件名$module：Home/jxfml
[ 2017-02-22T21:59:31+08:00 ] ERR: 文件名$path：Array
[ 2017-02-22T21:59:31+08:00 ] ERR: 文件名$action：article
[ 2017-02-22T21:59:31+08:00 ] ERR: 文件名$module：Home/dzs
[ 2017-02-22T21:59:33+08:00 ] ERR: 文件名$path：Array
[ 2017-02-22T21:59:33+08:00 ] ERR: 文件名$action：gonglve
[ 2017-02-22T21:59:33+08:00 ] ERR: 文件名$module：Home/ttxy
[ 2017-02-22T22:00:25+08:00 ] ERR: 文件名$path：Array
[ 2017-02-22T22:00:25+08:00 ] ERR: 文件名$action：article
[ 2017-02-22T22:00:25+08:00 ] ERR: 文件名$module：Home/hxmt
[ 2017-02-22T22:02:18+08:00 ] ERR: 文件名$path：Array
[ 2017-02-22T22:02:18+08:00 ] ERR: 文件名$action：server_list
[ 2017-02-22T22:02:18+08:00 ] ERR: 文件名$module：Home/sd
[ 2017-02-22T22:02:27+08:00 ] ERR: 文件名$path：Array
[ 2017-02-22T22:02:27+08:00 ] ERR: 文件名$action：article
[ 2017-02-22T22:02:27+08:00 ] ERR: 文件名$module：Home/jyjh
[ 2017-02-22T22:02:32+08:00 ] ERR: 文件名$path：Array
[ 2017-02-22T22:02:32+08:00 ] ERR: 文件名$action：index
[ 2017-02-22T22:02:32+08:00 ] ERR: 文件名$module：Home/zz
[ 2017-02-22T22:04:24+08:00 ] ERR: 文件名$path：Array
[ 2017-02-22T22:04:24+08:00 ] ERR: 文件名$action：index
[ 2017-02-22T22:04:24+08:00 ] ERR: 文件名$module：Home/xtj
[ 2017-02-22T22:04:25+08:00 ] ERR: 文件名$path：Array
[ 2017-02-22T22:04:25+08:00 ] ERR: 文件名$action：index
[ 2017-02-22T22:04:25+08:00 ] ERR: 文件名$module：Home/xtj
[ 2017-02-22T22:04:31+08:00 ] ERR: 文件名$path：Array
[ 2017-02-22T22:04:31+08:00 ] ERR: 文件名$action：server_list
[ 2017-02-22T22:04:31+08:00 ] ERR: 文件名$module：Home/xtj
[ 2017-02-22T22:06:31+08:00 ] ERR: 文件名$path：Array
[ 2017-02-22T22:06:31+08:00 ] ERR: 文件名$action：index
[ 2017-02-22T22:06:31+08:00 ] ERR: 文件名$module：Home/sd
[ 2017-02-22T22:07:55+08:00 ] ERR: 文件名$path：Array
[ 2017-02-22T22:07:55+08:00 ] ERR: 文件名$action：index
[ 2017-02-22T22:07:55+08:00 ] ERR: 文件名$module：Home/ds
[ 2017-02-22T22:07:58+08:00 ] ERR: 文件名$path：Array
[ 2017-02-22T22:07:58+08:00 ] ERR: 文件名$action：index
[ 2017-02-22T22:07:58+08:00 ] ERR: 文件名$module：Home/jxfml
[ 2017-02-22T22:10:30+08:00 ] ERR: 文件名$path：Array
[ 2017-02-22T22:10:30+08:00 ] ERR: 文件名$action：article
[ 2017-02-22T22:10:30+08:00 ] ERR: 文件名$module：Home/fbdl
[ 2017-02-22T22:10:58+08:00 ] ERR: 文件名$path：Array
[ 2017-02-22T22:10:58+08:00 ] ERR: 文件名$action：server_list
[ 2017-02-22T22:10:58+08:00 ] ERR: 文件名$module：Home/tw
[ 2017-02-22T22:11:16+08:00 ] ERR: 文件名$path：Array
[ 2017-02-22T22:11:16+08:00 ] ERR: 文件名$action：index
[ 2017-02-22T22:11:16+08:00 ] ERR: 文件名$module：Home/tw
[ 2017-02-22T22:11:52+08:00 ] ERR: 文件名$path：Array
[ 2017-02-22T22:11:52+08:00 ] ERR: 文件名$action：huodong
[ 2017-02-22T22:11:52+08:00 ] ERR: 文件名$module：Home/ttxy
[ 2017-02-22T22:11:54+08:00 ] ERR: 文件名$path：Array
[ 2017-02-22T22:11:54+08:00 ] ERR: 文件名$action：article
[ 2017-02-22T22:11:54+08:00 ] ERR: 文件名$module：Home/fbdl
[ 2017-02-22T22:14:05+08:00 ] ERR: 文件名$path：Array
[ 2017-02-22T22:14:05+08:00 ] ERR: 文件名$action：index
[ 2017-02-22T22:14:05+08:00 ] ERR: 文件名$module：Home/xjwy
[ 2017-02-22T22:15:49+08:00 ] ERR: 文件名$path：Array
[ 2017-02-22T22:15:49+08:00 ] ERR: 文件名$action：article
[ 2017-02-22T22:15:49+08:00 ] ERR: 文件名$module：Home/xtj
[ 2017-02-22T22:16:05+08:00 ] ERR: 文件名$path：Array
[ 2017-02-22T22:16:05+08:00 ] ERR: 文件名$action：server_list
[ 2017-02-22T22:16:05+08:00 ] ERR: 文件名$module：Home/xtj
[ 2017-02-22T22:18:35+08:00 ] ERR: 文件名$path：Array
[ 2017-02-22T22:18:35+08:00 ] ERR: 文件名$action：index
[ 2017-02-22T22:18:35+08:00 ] ERR: 文件名$module：Home/zz
[ 2017-02-22T22:21:33+08:00 ] ERR: 文件名$path：Array
[ 2017-02-22T22:21:33+08:00 ] ERR: 文件名$action：index
[ 2017-02-22T22:21:33+08:00 ] ERR: 文件名$module：Home/hongsezt
[ 2017-02-22T22:22:31+08:00 ] ERR: 文件名$path：Array
[ 2017-02-22T22:22:31+08:00 ] ERR: 文件名$action：index
[ 2017-02-22T22:22:31+08:00 ] ERR: 文件名$module：Home/zz
[ 2017-02-22T22:22:42+08:00 ] ERR: 文件名$path：Array
[ 2017-02-22T22:22:42+08:00 ] ERR: 文件名$action：index
[ 2017-02-22T22:22:42+08:00 ] ERR: 文件名$module：Home/ttxy
[ 2017-02-22T22:25:34+08:00 ] ERR: 文件名$path：Array
[ 2017-02-22T22:25:34+08:00 ] ERR: 文件名$action：article
[ 2017-02-22T22:25:34+08:00 ] ERR: 文件名$module：Home/dzs
[ 2017-02-22T22:30:29+08:00 ] ERR: 文件名$path：Array
[ 2017-02-22T22:30:29+08:00 ] ERR: 文件名$action：index
[ 2017-02-22T22:30:29+08:00 ] ERR: 文件名$module：Home/jyjh
[ 2017-02-22T22:30:42+08:00 ] ERR: 文件名$path：Array
[ 2017-02-22T22:30:42+08:00 ] ERR: 文件名$action：article
[ 2017-02-22T22:30:42+08:00 ] ERR: 文件名$module：Home/jyjh
[ 2017-02-22T22:31:45+08:00 ] ERR: 文件名$path：Array
[ 2017-02-22T22:31:45+08:00 ] ERR: 文件名$action：article
[ 2017-02-22T22:31:45+08:00 ] ERR: 文件名$module：Home/jyjh
[ 2017-02-22T22:32:25+08:00 ] ERR: 文件名$path：Array
[ 2017-02-22T22:32:25+08:00 ] ERR: 文件名$action：article
[ 2017-02-22T22:32:25+08:00 ] ERR: 文件名$module：Home/jyjh
[ 2017-02-22T22:32:34+08:00 ] ERR: 文件名$path：Array
[ 2017-02-22T22:32:34+08:00 ] ERR: 文件名$action：article
[ 2017-02-22T22:32:34+08:00 ] ERR: 文件名$module：Home/xtj
[ 2017-02-22T22:32:35+08:00 ] ERR: 文件名$path：Array
[ 2017-02-22T22:32:35+08:00 ] ERR: 文件名$action：article
[ 2017-02-22T22:32:35+08:00 ] ERR: 文件名$module：Home/jyjh
[ 2017-02-22T22:33:17+08:00 ] ERR: 文件名$path：Array
[ 2017-02-22T22:33:17+08:00 ] ERR: 文件名$action：index
[ 2017-02-22T22:33:17+08:00 ] ERR: 文件名$module：Home/xtj
[ 2017-02-22T22:33:18+08:00 ] ERR: 文件名$path：Array
[ 2017-02-22T22:33:18+08:00 ] ERR: 文件名$action：index
[ 2017-02-22T22:33:18+08:00 ] ERR: 文件名$module：Home/xtj
[ 2017-02-22T22:33:21+08:00 ] ERR: 文件名$path：Array
[ 2017-02-22T22:33:21+08:00 ] ERR: 文件名$action：server_list
[ 2017-02-22T22:33:21+08:00 ] ERR: 文件名$module：Home/xtj
[ 2017-02-22T22:34:31+08:00 ] ERR: 文件名$path：Array
[ 2017-02-22T22:34:31+08:00 ] ERR: 文件名$action：index
[ 2017-02-22T22:34:31+08:00 ] ERR: 文件名$module：Home/zz
[ 2017-02-22T22:34:43+08:00 ] ERR: 文件名$path：Array
[ 2017-02-22T22:34:43+08:00 ] ERR: 文件名$action：article
[ 2017-02-22T22:34:43+08:00 ] ERR: 文件名$module：Home/czzzt
[ 2017-02-22T22:37:39+08:00 ] ERR: 文件名$path：Array
[ 2017-02-22T22:37:39+08:00 ] ERR: 文件名$action：index
[ 2017-02-22T22:37:39+08:00 ] ERR: 文件名$module：Home/ddzb
[ 2017-02-22T22:46:18+08:00 ] ERR: 文件名$path：Array
[ 2017-02-22T22:46:18+08:00 ] ERR: 文件名$action：article
[ 2017-02-22T22:46:18+08:00 ] ERR: 文件名$module：Home/czzzt
[ 2017-02-22T22:46:31+08:00 ] ERR: 文件名$path：Array
[ 2017-02-22T22:46:31+08:00 ] ERR: 文件名$action：index
[ 2017-02-22T22:46:31+08:00 ] ERR: 文件名$module：Home/zz
[ 2017-02-22T22:49:52+08:00 ] ERR: 文件名$path：Array
[ 2017-02-22T22:49:52+08:00 ] ERR: 文件名$action：article
[ 2017-02-22T22:49:52+08:00 ] ERR: 文件名$module：Home/hxmt
[ 2017-02-22T22:50:31+08:00 ] ERR: 文件名$path：Array
[ 2017-02-22T22:50:31+08:00 ] ERR: 文件名$action：index
[ 2017-02-22T22:50:31+08:00 ] ERR: 文件名$module：Home/zz
[ 2017-02-22T22:54:32+08:00 ] ERR: 文件名$path：Array
[ 2017-02-22T22:54:32+08:00 ] ERR: 文件名$action：index
[ 2017-02-22T22:54:32+08:00 ] ERR: 文件名$module：Home/zz
[ 2017-02-22T22:54:46+08:00 ] ERR: 文件名$path：Array
[ 2017-02-22T22:54:46+08:00 ] ERR: 文件名$action：article
[ 2017-02-22T22:54:46+08:00 ] ERR: 文件名$module：Home/czzzt
[ 2017-02-22T22:58:13+08:00 ] ERR: 文件名$path：Array
[ 2017-02-22T22:58:13+08:00 ] ERR: 文件名$action：index
[ 2017-02-22T22:58:13+08:00 ] ERR: 文件名$module：Home/czzzt
[ 2017-02-22T22:58:32+08:00 ] ERR: 文件名$path：Array
[ 2017-02-22T22:58:32+08:00 ] ERR: 文件名$action：index
[ 2017-02-22T22:58:32+08:00 ] ERR: 文件名$module：Home/zz
[ 2017-02-22T23:01:54+08:00 ] ERR: 文件名$path：Array
[ 2017-02-22T23:01:54+08:00 ] ERR: 文件名$action：server_list
[ 2017-02-22T23:01:54+08:00 ] ERR: 文件名$module：Home/zz
[ 2017-02-22T23:02:16+08:00 ] ERR: 文件名$path：Array
[ 2017-02-22T23:02:16+08:00 ] ERR: 文件名$action：article
[ 2017-02-22T23:02:16+08:00 ] ERR: 文件名$module：Home/xy
[ 2017-02-22T23:02:32+08:00 ] ERR: 文件名$path：Array
[ 2017-02-22T23:02:32+08:00 ] ERR: 文件名$action：index
[ 2017-02-22T23:02:32+08:00 ] ERR: 文件名$module：Home/zz
[ 2017-02-22T23:04:58+08:00 ] ERR: 文件名$path：Array
[ 2017-02-22T23:04:58+08:00 ] ERR: 文件名$action：index
[ 2017-02-22T23:04:58+08:00 ] ERR: 文件名$module：Home/hongsezt
[ 2017-02-22T23:06:31+08:00 ] ERR: 文件名$path：Array
[ 2017-02-22T23:06:31+08:00 ] ERR: 文件名$action：index
[ 2017-02-22T23:06:31+08:00 ] ERR: 文件名$module：Home/zz
[ 2017-02-22T23:07:45+08:00 ] ERR: 文件名$path：Array
[ 2017-02-22T23:07:45+08:00 ] ERR: 文件名$action：index
[ 2017-02-22T23:07:45+08:00 ] ERR: 文件名$module：Home/ds
[ 2017-02-22T23:09:49+08:00 ] ERR: 文件名$path：Array
[ 2017-02-22T23:09:49+08:00 ] ERR: 文件名$action：index
[ 2017-02-22T23:09:49+08:00 ] ERR: 文件名$module：Home/xy
[ 2017-02-22T23:09:56+08:00 ] ERR: 文件名$path：Array
[ 2017-02-22T23:09:56+08:00 ] ERR: 文件名$action：index
[ 2017-02-22T23:09:56+08:00 ] ERR: 文件名$module：Home/hxmt
[ 2017-02-22T23:10:12+08:00 ] ERR: 文件名$path：Array
[ 2017-02-22T23:10:12+08:00 ] ERR: 文件名$action：huodong
[ 2017-02-22T23:10:12+08:00 ] ERR: 文件名$module：Home/jyjh
[ 2017-02-22T23:10:36+08:00 ] ERR: 文件名$path：Array
[ 2017-02-22T23:10:36+08:00 ] ERR: 文件名$action：article
[ 2017-02-22T23:10:36+08:00 ] ERR: 文件名$module：Home/ddzb
[ 2017-02-22T23:11:13+08:00 ] ERR: 文件名$path：Array
[ 2017-02-22T23:11:13+08:00 ] ERR: 文件名$action：index
[ 2017-02-22T23:11:13+08:00 ] ERR: 文件名$module：Home/tmld
[ 2017-02-22T23:14:10+08:00 ] ERR: 文件名$path：Array
[ 2017-02-22T23:14:10+08:00 ] ERR: 文件名$action：article
[ 2017-02-22T23:14:10+08:00 ] ERR: 文件名$module：Home/hxmt
[ 2017-02-22T23:14:32+08:00 ] ERR: 文件名$path：Array
[ 2017-02-22T23:14:32+08:00 ] ERR: 文件名$action：index
[ 2017-02-22T23:14:32+08:00 ] ERR: 文件名$module：Home/zz
[ 2017-02-22T23:16:11+08:00 ] ERR: 文件名$path：Array
[ 2017-02-22T23:16:11+08:00 ] ERR: 文件名$action：index
[ 2017-02-22T23:16:11+08:00 ] ERR: 文件名$module：Home/jxqy
[ 2017-02-22T23:18:13+08:00 ] ERR: 文件名$path：Array
[ 2017-02-22T23:18:13+08:00 ] ERR: 文件名$action：article
[ 2017-02-22T23:18:13+08:00 ] ERR: 文件名$module：Home/fyws
[ 2017-02-22T23:18:33+08:00 ] ERR: 文件名$path：Array
[ 2017-02-22T23:18:33+08:00 ] ERR: 文件名$action：index
[ 2017-02-22T23:18:33+08:00 ] ERR: 文件名$module：Home/zz
[ 2017-02-22T23:21:21+08:00 ] ERR: 文件名$path：Array
[ 2017-02-22T23:21:21+08:00 ] ERR: 文件名$action：server_list
[ 2017-02-22T23:21:21+08:00 ] ERR: 文件名$module：Home/xy
[ 2017-02-22T23:22:15+08:00 ] ERR: 文件名$path：Array
[ 2017-02-22T23:22:15+08:00 ] ERR: 文件名$action：article
[ 2017-02-22T23:22:15+08:00 ] ERR: 文件名$module：Home/ttxy
[ 2017-02-22T23:22:22+08:00 ] ERR: 文件名$path：Array
[ 2017-02-22T23:22:22+08:00 ] ERR: 文件名$action：article
[ 2017-02-22T23:22:22+08:00 ] ERR: 文件名$module：Home/ttxy
[ 2017-02-22T23:22:32+08:00 ] ERR: 文件名$path：Array
[ 2017-02-22T23:22:32+08:00 ] ERR: 文件名$action：index
[ 2017-02-22T23:22:32+08:00 ] ERR: 文件名$module：Home/zz
[ 2017-02-22T23:22:44+08:00 ] ERR: 文件名$path：Array
[ 2017-02-22T23:22:44+08:00 ] ERR: 文件名$action：article
[ 2017-02-22T23:22:44+08:00 ] ERR: 文件名$module：Home/ttxy
[ 2017-02-22T23:23:00+08:00 ] ERR: 文件名$path：Array
[ 2017-02-22T23:23:00+08:00 ] ERR: 文件名$action：article
[ 2017-02-22T23:23:00+08:00 ] ERR: 文件名$module：Home/ttxy
[ 2017-02-22T23:23:14+08:00 ] ERR: 文件名$path：Array
[ 2017-02-22T23:23:14+08:00 ] ERR: 文件名$action：article
[ 2017-02-22T23:23:14+08:00 ] ERR: 文件名$module：Home/ttxy
[ 2017-02-22T23:23:30+08:00 ] ERR: 文件名$path：Array
[ 2017-02-22T23:23:30+08:00 ] ERR: 文件名$action：article
[ 2017-02-22T23:23:30+08:00 ] ERR: 文件名$module：Home/ttxy
[ 2017-02-22T23:23:45+08:00 ] ERR: 文件名$path：Array
[ 2017-02-22T23:23:45+08:00 ] ERR: 文件名$action：article
[ 2017-02-22T23:23:45+08:00 ] ERR: 文件名$module：Home/ttxy
[ 2017-02-22T23:24:02+08:00 ] ERR: 文件名$path：Array
[ 2017-02-22T23:24:02+08:00 ] ERR: 文件名$action：article
[ 2017-02-22T23:24:02+08:00 ] ERR: 文件名$module：Home/ttxy
[ 2017-02-22T23:24:19+08:00 ] ERR: 文件名$path：Array
[ 2017-02-22T23:24:19+08:00 ] ERR: 文件名$action：article
[ 2017-02-22T23:24:19+08:00 ] ERR: 文件名$module：Home/ttxy
[ 2017-02-22T23:26:33+08:00 ] ERR: 文件名$path：Array
[ 2017-02-22T23:26:33+08:00 ] ERR: 文件名$action：index
[ 2017-02-22T23:26:33+08:00 ] ERR: 文件名$module：Home/zz
[ 2017-02-22T23:30:32+08:00 ] ERR: 文件名$path：Array
[ 2017-02-22T23:30:32+08:00 ] ERR: 文件名$action：index
[ 2017-02-22T23:30:32+08:00 ] ERR: 文件名$module：Home/zz
[ 2017-02-22T23:31:09+08:00 ] ERR: 文件名$path：Array
[ 2017-02-22T23:31:09+08:00 ] ERR: 文件名$action：article
[ 2017-02-22T23:31:09+08:00 ] ERR: 文件名$module：Home/fbdl
[ 2017-02-22T23:34:33+08:00 ] ERR: 文件名$path：Array
[ 2017-02-22T23:34:33+08:00 ] ERR: 文件名$action：index
[ 2017-02-22T23:34:33+08:00 ] ERR: 文件名$module：Home/zz
[ 2017-02-22T23:36:44+08:00 ] ERR: 文件名$path：Array
[ 2017-02-22T23:36:44+08:00 ] ERR: 文件名$action：index
[ 2017-02-22T23:36:44+08:00 ] ERR: 文件名$module：Home/zz
[ 2017-02-22T23:37:16+08:00 ] ERR: 文件名$path：Array
[ 2017-02-22T23:37:16+08:00 ] ERR: 文件名$action：index
[ 2017-02-22T23:37:16+08:00 ] ERR: 文件名$module：Home/jyjh
[ 2017-02-22T23:37:53+08:00 ] SQL: 游戏登陆日志写入失败!
[ 2017-02-22T23:37:56+08:00 ] ERR: 文件名$path：Array
[ 2017-02-22T23:37:56+08:00 ] ERR: 文件名$action：index
[ 2017-02-22T23:37:56+08:00 ] ERR: 文件名$module：Home/ttxy
[ 2017-02-22T23:38:31+08:00 ] ERR: 文件名$path：Array
[ 2017-02-22T23:38:31+08:00 ] ERR: 文件名$action：index
[ 2017-02-22T23:38:31+08:00 ] ERR: 文件名$module：Home/zz
[ 2017-02-22T23:44:59+08:00 ] ERR: 文件名$path：Array
[ 2017-02-22T23:44:59+08:00 ] ERR: 文件名$action：article
[ 2017-02-22T23:44:59+08:00 ] ERR: 文件名$module：Home/xtj
[ 2017-02-22T23:45:04+08:00 ] ERR: 文件名$path：Array
[ 2017-02-22T23:45:04+08:00 ] ERR: 文件名$action：index
[ 2017-02-22T23:45:04+08:00 ] ERR: 文件名$module：Home/ds
[ 2017-02-22T23:45:23+08:00 ] ERR: 文件名$path：Array
[ 2017-02-22T23:45:23+08:00 ] ERR: 文件名$action：index
[ 2017-02-22T23:45:23+08:00 ] ERR: 文件名$module：Home/jyjh
[ 2017-02-22T23:46:32+08:00 ] ERR: 文件名$path：Array
[ 2017-02-22T23:46:32+08:00 ] ERR: 文件名$action：index
[ 2017-02-22T23:46:32+08:00 ] ERR: 文件名$module：Home/zz
[ 2017-02-22T23:52:44+08:00 ] ERR: 文件名$path：Array
[ 2017-02-22T23:52:44+08:00 ] ERR: 文件名$action：index
[ 2017-02-22T23:52:44+08:00 ] ERR: 文件名$module：Home/fyws
[ 2017-02-22T23:54:32+08:00 ] ERR: 文件名$path：Array
[ 2017-02-22T23:54:32+08:00 ] ERR: 文件名$action：index
[ 2017-02-22T23:54:32+08:00 ] ERR: 文件名$module：Home/zz
[ 2017-02-22T23:54:54+08:00 ] ERR: 文件名$path：Array
[ 2017-02-22T23:54:54+08:00 ] ERR: 文件名$action：article
[ 2017-02-22T23:54:54+08:00 ] ERR: 文件名$module：Home/xtj
[ 2017-02-22T23:55:41+08:00 ] ERR: 文件名$path：Array
[ 2017-02-22T23:55:41+08:00 ] ERR: 文件名$action：index
[ 2017-02-22T23:55:41+08:00 ] ERR: 文件名$module：Home/xy
[ 2017-02-22T23:56:58+08:00 ] ERR: 文件名$path：Array
[ 2017-02-22T23:56:58+08:00 ] ERR: 文件名$action：index
[ 2017-02-22T23:56:58+08:00 ] ERR: 文件名$module：Home/zz
[ 2017-02-22T23:57:55+08:00 ] ERR: 文件名$path：Array
[ 2017-02-22T23:57:55+08:00 ] ERR: 文件名$action：news
[ 2017-02-22T23:57:55+08:00 ] ERR: 文件名$module：Home/fbdl
[ 2017-02-22T23:57:55+08:00 ] ERR: 文件名$path：Array
[ 2017-02-22T23:57:55+08:00 ] ERR: 文件名$action：article
[ 2017-02-22T23:57:55+08:00 ] ERR: 文件名$module：Home/jyjh
[ 2017-02-22T23:57:55+08:00 ] ERR: 文件名$path：Array
[ 2017-02-22T23:57:55+08:00 ] ERR: 文件名$action：article
[ 2017-02-22T23:57:55+08:00 ] ERR: 文件名$module：Home/ttxy
[ 2017-02-22T23:57:55+08:00 ] ERR: 文件名$path：Array
[ 2017-02-22T23:57:55+08:00 ] ERR: 文件名$action：news
[ 2017-02-22T23:57:55+08:00 ] ERR: 文件名$module：Home/ttxy
[ 2017-02-22T23:58:31+08:00 ] ERR: 文件名$path：Array
[ 2017-02-22T23:58:31+08:00 ] ERR: 文件名$action：index
[ 2017-02-22T23:58:31+08:00 ] ERR: 文件名$module：Home/zz
[ 2017-02-22T23:59:22+08:00 ] ERR: 文件名$path：Array
[ 2017-02-22T23:59:22+08:00 ] ERR: 文件名$action：article
[ 2017-02-22T23:59:22+08:00 ] ERR: 文件名$module：Home/hongsezt
[ 2017-02-22T23:59:36+08:00 ] ERR: 文件名$path：Array
[ 2017-02-22T23:59:36+08:00 ] ERR: 文件名$action：index
[ 2017-02-22T23:59:36+08:00 ] ERR: 文件名$module：Home/jyjh
