[ 2016-10-07T21:21:19+08:00 ] 14.115.29.107 /Json/index/doLogin?rnd=0.5678279536390618&username=uf120t1014&password=000000&save_id=undefined&returl=http://gameplay.752g.com/game_add.html?gid=108&sid=120&mid=149&ltype=&adv_id=0&format=json&jsoncallback=jsonp1475846475687
INFO: [ route_check ] --START--
INFO: CheckRoute Behavior ::run [ RunTime:0.000058s ]
INFO: [ route_check ] --END-- [ RunTime:0.000109s ]
NOTIC: [8192] preg_replace(): The /e modifier is deprecated, use preg_replace_callback instead /www/newwan.752g.com/Source/ThinkPHP/Lib/Core/Dispatcher.class.php 第 120 行.
NOTIC: [8192] preg_replace(): The /e modifier is deprecated, use preg_replace_callback instead /www/newwan.752g.com/Source/ThinkPHP/Common/common.php 第 242 行.
INFO: [ app_begin ] --START--
INFO: ReadHtmlCache Behavior ::run [ RunTime:0.000057s ]
INFO: [ app_begin ] --END-- [ RunTime:0.000097s ]
NOTIC: [2] mt_rand(): max(0) is smaller than min(1) /www/newwan.752g.com/Source/ThinkPHP/Lib/Core/Db.class.php 第 196 行.
NOTIC: [8192] mysql_connect(): The mysql extension is deprecated and will be removed in the future: use mysqli or PDO instead /www/newwan.752g.com/Source/ThinkPHP/Lib/Driver/Db/DbMysql.class.php 第 68 行.
SQL: SHOW COLUMNS FROM `ai_setting` [ RunTime:0.001016s ]
NOTIC: [8192] preg_replace(): The /e modifier is deprecated, use preg_replace_callback instead /www/newwan.752g.com/Source/ThinkPHP/Lib/Core/Db.class.php 第 571 行.
NOTIC: [2] mt_rand(): max(0) is smaller than min(1) /www/newwan.752g.com/Source/ThinkPHP/Lib/Core/Db.class.php 第 196 行.
SQL: SELECT `item_key`,`item_value` FROM `ai_setting` WHERE ( `item` = '0' )  [ RunTime:0.001166s ]
NOTIC: [8] Array to string conversion /www/newwan.752g.com/Source/ThinkPHP/Common/functions.php 第 22 行.
NOTIC: [8] Undefined index: gourl /www/newwan.752g.com/Json/Lib/Action/IndexAction.class.php 第 575 行.
NOTIC: [8] Undefined index: tmp_user_name /www/newwan.752g.com/Json/Lib/Action/IndexAction.class.php 第 577 行.
NOTIC: [8192] mysql_connect(): The mysql extension is deprecated and will be removed in the future: use mysqli or PDO instead /www/newwan.752g.com/uc_client/lib/db.class.php 第 41 行.
NOTIC: [2] mt_rand(): max(0) is smaller than min(1) /www/newwan.752g.com/Source/ThinkPHP/Lib/Core/Db.class.php 第 196 行.
SQL: SHOW COLUMNS FROM `ai_member_info` [ RunTime:0.001897s ]
NOTIC: [8192] preg_replace(): The /e modifier is deprecated, use preg_replace_callback instead /www/newwan.752g.com/Source/ThinkPHP/Lib/Core/Db.class.php 第 571 行.
NOTIC: [2] mt_rand(): max(0) is smaller than min(1) /www/newwan.752g.com/Source/ThinkPHP/Lib/Core/Db.class.php 第 196 行.
SQL: SELECT * FROM `ai_member_info` WHERE uname='uf120t1014' LIMIT 1   [ RunTime:0.001405s ]
NOTIC: [8] Undefined index: gid /www/newwan.752g.com/Json/Lib/Action/CommonAction.class.php 第 112 行.
NOTIC: [8] Undefined index: sid /www/newwan.752g.com/Json/Lib/Action/CommonAction.class.php 第 113 行.
NOTIC: [8] Undefined index: keywords /www/newwan.752g.com/Json/Lib/Action/CommonAction.class.php 第 121 行.
NOTIC: [8192] Function ereg() is deprecated /www/newwan.752g.com/Source/ThinkPHP/Common/common.php 第 955 行.
NOTIC: [8] Undefined variable: browserplatform /www/newwan.752g.com/Source/ThinkPHP/Common/common.php 第 981 行.
NOTIC: [8192] Function eregi() is deprecated /www/newwan.752g.com/Source/ThinkPHP/Common/common.php 第 982 行.
NOTIC: [8192] Function eregi() is deprecated /www/newwan.752g.com/Source/ThinkPHP/Common/common.php 第 984 行.
NOTIC: [8192] Function eregi() is deprecated /www/newwan.752g.com/Source/ThinkPHP/Common/common.php 第 986 行.
NOTIC: [8192] Function ereg() is deprecated /www/newwan.752g.com/Source/ThinkPHP/Common/common.php 第 986 行.
NOTIC: [8192] Function eregi() is deprecated /www/newwan.752g.com/Source/ThinkPHP/Common/common.php 第 988 行.
NOTIC: [8192] Function eregi() is deprecated /www/newwan.752g.com/Source/ThinkPHP/Common/common.php 第 988 行.
NOTIC: [8192] Function eregi() is deprecated /www/newwan.752g.com/Source/ThinkPHP/Common/common.php 第 990 行.
NOTIC: [8192] Function eregi() is deprecated /www/newwan.752g.com/Source/ThinkPHP/Common/common.php 第 990 行.
NOTIC: [8192] Function eregi() is deprecated /www/newwan.752g.com/Source/ThinkPHP/Common/common.php 第 992 行.
NOTIC: [8192] Function eregi() is deprecated /www/newwan.752g.com/Source/ThinkPHP/Common/common.php 第 992 行.
NOTIC: [8192] Function eregi() is deprecated /www/newwan.752g.com/Source/ThinkPHP/Common/common.php 第 994 行.
NOTIC: [8192] Function eregi() is deprecated /www/newwan.752g.com/Source/ThinkPHP/Common/common.php 第 994 行.
NOTIC: [2] mt_rand(): max(0) is smaller than min(1) /www/newwan.752g.com/Source/ThinkPHP/Lib/Core/Db.class.php 第 196 行.
SQL: SHOW COLUMNS FROM `ai_login_log` [ RunTime:0.001350s ]
SQL: INSERT INTO `ai_login_log` (`uname`,`gid`,`sid`,`mid`,`logintype`,`loginip`,`logintime`,`referer`,`keywords`,`clientlanguage`,`useragent`,`clientbrowser`,`clientos`,`remark`) VALUES ('uf120t1014',null,null,'149','平台','14.115.29.107',1475846479,'http://user.752g.com/login?returl=http%3A%2F%2Fgameplay.752g.com%2Fgame_add.html%3Fgid%3D108%26sid%3D120%26mid%3D149',null,'zh-CN','Mozilla/4.0 (compatible; MSIE 8.0; Windows NT 6.1; WOW64; Trident/4.0; SLCC2; .NET CLR 2.0.50727; .NET CLR 3.5.30729; .NET CLR 3.0.30729; Media Center PC 6.0; .NET4.0C; .NET4.0E)','Internet Explorer 8.0','Windows 7','登陆平台') [ RunTime:0.001300s ]
NOTIC: [8] Undefined variable: str /www/newwan.752g.com/Json/Lib/Action/IndexAction.class.php 第 606 行.

